2020-01-10 00:21:10,109 ERROR 14828 nodejs.TokenExpiredError: jwt expired
    at C:\Users\Admin\Desktop\plFurniture\fur-admin\node_modules\jsonwebtoken\verify.js:152:21
    at getSecret (C:\Users\Admin\Desktop\plFurniture\fur-admin\node_modules\jsonwebtoken\verify.js:90:14)
    at Object.module.exports [as verify] (C:\Users\Admin\Desktop\plFurniture\fur-admin\node_modules\jsonwebtoken\verify.js:94:10)
    at AsyncFunction.<computed>.verify (C:\Users\Admin\Desktop\plFurniture\fur-admin\node_modules\egg-jwt\app\extend\application.js:42:20)
    at C:\Users\Admin\Desktop\plFurniture\fur-admin\app\io\middleware\token.js:7:37
    at dispatch (C:\Users\Admin\Desktop\plFurniture\fur-admin\node_modules\egg-socket.io\node_modules\koa-compose\index.js:42:32)
    at C:\Users\Admin\Desktop\plFurniture\fur-admin\app\io\middleware\filter.js:6:15
    at dispatch (C:\Users\Admin\Desktop\plFurniture\fur-admin\node_modules\egg-socket.io\node_modules\koa-compose\index.js:42:32)
    at session (C:\Users\Admin\Desktop\plFurniture\fur-admin\node_modules\koa-session\index.js:41:13)
    at dispatch (C:\Users\Admin\Desktop\plFurniture\fur-admin\node_modules\egg-socket.io\node_modules\koa-compose\index.js:42:32)
    at C:\Users\Admin\Desktop\plFurniture\fur-admin\node_modules\egg-socket.io\node_modules\koa-compose\index.js:34:12
    at module.exports (C:\Users\Admin\Desktop\plFurniture\fur-admin\node_modules\egg-socket.io\lib\packetMiddlewareInit.js:19:3)
    at Array.<anonymous> (C:\Users\Admin\Desktop\plFurniture\fur-admin\node_modules\egg-socket.io\lib\io.js:82:9)
    at run (C:\Users\Admin\Desktop\plFurniture\fur-admin\node_modules\socket.io\lib\socket.js:559:11)
    at Socket.run (C:\Users\Admin\Desktop\plFurniture\fur-admin\node_modules\socket.io\lib\socket.js:571:3)
    at Socket.dispatch (C:\Users\Admin\Desktop\plFurniture\fur-admin\node_modules\socket.io\lib\socket.js:531:8)
    at Socket.onevent (C:\Users\Admin\Desktop\plFurniture\fur-admin\node_modules\socket.io\lib\socket.js:364:8)
    at Socket.onpacket (C:\Users\Admin\Desktop\plFurniture\fur-admin\node_modules\socket.io\lib\socket.js:324:12)
    at C:\Users\Admin\Desktop\plFurniture\fur-admin\node_modules\socket.io\lib\client.js:214:16
    at processTicksAndRejections (internal/process/task_queues.js:75:11)
name: "TokenExpiredError"
message: "jwt expired"
expiredAt: "2020-01-09T16:19:38.000Z"
pid: 14828
hostname: PS2019NMKIZIZR

2020-01-10 00:21:20,503 ERROR 14828 nodejs.TypeError: [egg-socket.io] controller execute error: Cannot read property 'emit' of undefined
    at Controller.addSubmit (C:\Users\Admin\Desktop\plFurniture\fur-admin\app\io\controller\chat.js:119:25)
    at Object.callFn (C:\Users\Admin\Desktop\plFurniture\fur-admin\node_modules\egg-core\lib\utils\index.js:44:21)
    at Object.classControllerMiddleware (C:\Users\Admin\Desktop\plFurniture\fur-admin\node_modules\egg-core\lib\loader\mixin\controller.js:87:20)
    at Socket.<anonymous> (C:\Users\Admin\Desktop\plFurniture\fur-admin\node_modules\egg-socket.io\lib\io.js:104:23)
    at Socket.emit (events.js:210:5)
    at C:\Users\Admin\Desktop\plFurniture\fur-admin\node_modules\socket.io\lib\socket.js:528:12
    at processTicksAndRejections (internal/process/task_queues.js:75:11)

pid: 14828
hostname: PS2019NMKIZIZR

2020-01-10 00:22:01,066 ERROR 15416 nodejs.TypeError: [egg-socket.io] controller execute error: Cannot read property 'emit' of undefined
    at Controller.addSubmit (C:\Users\Admin\Desktop\plFurniture\fur-admin\app\io\controller\chat.js:119:24)
    at Object.callFn (C:\Users\Admin\Desktop\plFurniture\fur-admin\node_modules\egg-core\lib\utils\index.js:44:21)
    at Object.classControllerMiddleware (C:\Users\Admin\Desktop\plFurniture\fur-admin\node_modules\egg-core\lib\loader\mixin\controller.js:87:20)
    at Socket.<anonymous> (C:\Users\Admin\Desktop\plFurniture\fur-admin\node_modules\egg-socket.io\lib\io.js:104:23)
    at Socket.emit (events.js:210:5)
    at C:\Users\Admin\Desktop\plFurniture\fur-admin\node_modules\socket.io\lib\socket.js:528:12
    at processTicksAndRejections (internal/process/task_queues.js:75:11)

pid: 15416
hostname: PS2019NMKIZIZR

2020-01-10 00:22:23,011 ERROR 15364 nodejs.TypeError: [egg-socket.io] controller execute error: Cannot read property 'emit' of undefined
    at Controller.addSubmit (C:\Users\Admin\Desktop\plFurniture\fur-admin\app\io\controller\chat.js:119:27)
    at Object.callFn (C:\Users\Admin\Desktop\plFurniture\fur-admin\node_modules\egg-core\lib\utils\index.js:44:21)
    at Object.classControllerMiddleware (C:\Users\Admin\Desktop\plFurniture\fur-admin\node_modules\egg-core\lib\loader\mixin\controller.js:87:20)
    at Socket.<anonymous> (C:\Users\Admin\Desktop\plFurniture\fur-admin\node_modules\egg-socket.io\lib\io.js:104:23)
    at Socket.emit (events.js:210:5)
    at C:\Users\Admin\Desktop\plFurniture\fur-admin\node_modules\socket.io\lib\socket.js:528:12
    at processTicksAndRejections (internal/process/task_queues.js:75:11)

pid: 15364
hostname: PS2019NMKIZIZR

2020-01-10 00:23:16,838 ERROR 14852 nodejs.TokenExpiredError: jwt expired
    at C:\Users\Admin\Desktop\plFurniture\fur-admin\node_modules\jsonwebtoken\verify.js:152:21
    at getSecret (C:\Users\Admin\Desktop\plFurniture\fur-admin\node_modules\jsonwebtoken\verify.js:90:14)
    at Object.module.exports [as verify] (C:\Users\Admin\Desktop\plFurniture\fur-admin\node_modules\jsonwebtoken\verify.js:94:10)
    at AsyncFunction.<computed>.verify (C:\Users\Admin\Desktop\plFurniture\fur-admin\node_modules\egg-jwt\app\extend\application.js:42:20)
    at C:\Users\Admin\Desktop\plFurniture\fur-admin\app\io\middleware\token.js:7:37
    at dispatch (C:\Users\Admin\Desktop\plFurniture\fur-admin\node_modules\egg-socket.io\node_modules\koa-compose\index.js:42:32)
    at C:\Users\Admin\Desktop\plFurniture\fur-admin\app\io\middleware\filter.js:6:15
    at dispatch (C:\Users\Admin\Desktop\plFurniture\fur-admin\node_modules\egg-socket.io\node_modules\koa-compose\index.js:42:32)
    at session (C:\Users\Admin\Desktop\plFurniture\fur-admin\node_modules\koa-session\index.js:41:13)
    at dispatch (C:\Users\Admin\Desktop\plFurniture\fur-admin\node_modules\egg-socket.io\node_modules\koa-compose\index.js:42:32)
    at C:\Users\Admin\Desktop\plFurniture\fur-admin\node_modules\egg-socket.io\node_modules\koa-compose\index.js:34:12
    at module.exports (C:\Users\Admin\Desktop\plFurniture\fur-admin\node_modules\egg-socket.io\lib\packetMiddlewareInit.js:19:3)
    at Array.<anonymous> (C:\Users\Admin\Desktop\plFurniture\fur-admin\node_modules\egg-socket.io\lib\io.js:82:9)
    at run (C:\Users\Admin\Desktop\plFurniture\fur-admin\node_modules\socket.io\lib\socket.js:559:11)
    at Socket.run (C:\Users\Admin\Desktop\plFurniture\fur-admin\node_modules\socket.io\lib\socket.js:571:3)
    at Socket.dispatch (C:\Users\Admin\Desktop\plFurniture\fur-admin\node_modules\socket.io\lib\socket.js:531:8)
    at Socket.onevent (C:\Users\Admin\Desktop\plFurniture\fur-admin\node_modules\socket.io\lib\socket.js:364:8)
    at Socket.onpacket (C:\Users\Admin\Desktop\plFurniture\fur-admin\node_modules\socket.io\lib\socket.js:324:12)
    at C:\Users\Admin\Desktop\plFurniture\fur-admin\node_modules\socket.io\lib\client.js:214:16
    at processTicksAndRejections (internal/process/task_queues.js:75:11)
name: "TokenExpiredError"
message: "jwt expired"
expiredAt: "2020-01-09T16:19:38.000Z"
pid: 14852
hostname: PS2019NMKIZIZR

2020-01-10 00:24:39,269 ERROR 17048 nodejs.TokenExpiredError: jwt expired
    at C:\Users\Admin\Desktop\plFurniture\fur-admin\node_modules\jsonwebtoken\verify.js:152:21
    at getSecret (C:\Users\Admin\Desktop\plFurniture\fur-admin\node_modules\jsonwebtoken\verify.js:90:14)
    at Object.module.exports [as verify] (C:\Users\Admin\Desktop\plFurniture\fur-admin\node_modules\jsonwebtoken\verify.js:94:10)
    at AsyncFunction.<computed>.verify (C:\Users\Admin\Desktop\plFurniture\fur-admin\node_modules\egg-jwt\app\extend\application.js:42:20)
    at C:\Users\Admin\Desktop\plFurniture\fur-admin\app\io\middleware\token.js:7:37
    at dispatch (C:\Users\Admin\Desktop\plFurniture\fur-admin\node_modules\egg-socket.io\node_modules\koa-compose\index.js:42:32)
    at C:\Users\Admin\Desktop\plFurniture\fur-admin\app\io\middleware\filter.js:6:15
    at dispatch (C:\Users\Admin\Desktop\plFurniture\fur-admin\node_modules\egg-socket.io\node_modules\koa-compose\index.js:42:32)
    at session (C:\Users\Admin\Desktop\plFurniture\fur-admin\node_modules\koa-session\index.js:41:13)
    at dispatch (C:\Users\Admin\Desktop\plFurniture\fur-admin\node_modules\egg-socket.io\node_modules\koa-compose\index.js:42:32)
    at C:\Users\Admin\Desktop\plFurniture\fur-admin\node_modules\egg-socket.io\node_modules\koa-compose\index.js:34:12
    at module.exports (C:\Users\Admin\Desktop\plFurniture\fur-admin\node_modules\egg-socket.io\lib\packetMiddlewareInit.js:19:3)
    at Array.<anonymous> (C:\Users\Admin\Desktop\plFurniture\fur-admin\node_modules\egg-socket.io\lib\io.js:82:9)
    at run (C:\Users\Admin\Desktop\plFurniture\fur-admin\node_modules\socket.io\lib\socket.js:559:11)
    at Socket.run (C:\Users\Admin\Desktop\plFurniture\fur-admin\node_modules\socket.io\lib\socket.js:571:3)
    at Socket.dispatch (C:\Users\Admin\Desktop\plFurniture\fur-admin\node_modules\socket.io\lib\socket.js:531:8)
    at Socket.onevent (C:\Users\Admin\Desktop\plFurniture\fur-admin\node_modules\socket.io\lib\socket.js:364:8)
    at Socket.onpacket (C:\Users\Admin\Desktop\plFurniture\fur-admin\node_modules\socket.io\lib\socket.js:324:12)
    at C:\Users\Admin\Desktop\plFurniture\fur-admin\node_modules\socket.io\lib\client.js:214:16
    at processTicksAndRejections (internal/process/task_queues.js:75:11)
name: "TokenExpiredError"
message: "jwt expired"
expiredAt: "2020-01-09T16:24:38.000Z"
pid: 17048
hostname: PS2019NMKIZIZR

2020-01-10 00:25:03,380 ERROR 17048 nodejs.TokenExpiredError: jwt expired
    at C:\Users\Admin\Desktop\plFurniture\fur-admin\node_modules\jsonwebtoken\verify.js:152:21
    at getSecret (C:\Users\Admin\Desktop\plFurniture\fur-admin\node_modules\jsonwebtoken\verify.js:90:14)
    at Object.module.exports [as verify] (C:\Users\Admin\Desktop\plFurniture\fur-admin\node_modules\jsonwebtoken\verify.js:94:10)
    at AsyncFunction.<computed>.verify (C:\Users\Admin\Desktop\plFurniture\fur-admin\node_modules\egg-jwt\app\extend\application.js:42:20)
    at C:\Users\Admin\Desktop\plFurniture\fur-admin\app\io\middleware\token.js:7:37
    at dispatch (C:\Users\Admin\Desktop\plFurniture\fur-admin\node_modules\egg-socket.io\node_modules\koa-compose\index.js:42:32)
    at C:\Users\Admin\Desktop\plFurniture\fur-admin\app\io\middleware\filter.js:6:15
    at dispatch (C:\Users\Admin\Desktop\plFurniture\fur-admin\node_modules\egg-socket.io\node_modules\koa-compose\index.js:42:32)
    at session (C:\Users\Admin\Desktop\plFurniture\fur-admin\node_modules\koa-session\index.js:41:13)
    at dispatch (C:\Users\Admin\Desktop\plFurniture\fur-admin\node_modules\egg-socket.io\node_modules\koa-compose\index.js:42:32)
    at C:\Users\Admin\Desktop\plFurniture\fur-admin\node_modules\egg-socket.io\node_modules\koa-compose\index.js:34:12
    at module.exports (C:\Users\Admin\Desktop\plFurniture\fur-admin\node_modules\egg-socket.io\lib\packetMiddlewareInit.js:19:3)
    at Array.<anonymous> (C:\Users\Admin\Desktop\plFurniture\fur-admin\node_modules\egg-socket.io\lib\io.js:82:9)
    at run (C:\Users\Admin\Desktop\plFurniture\fur-admin\node_modules\socket.io\lib\socket.js:559:11)
    at Socket.run (C:\Users\Admin\Desktop\plFurniture\fur-admin\node_modules\socket.io\lib\socket.js:571:3)
    at Socket.dispatch (C:\Users\Admin\Desktop\plFurniture\fur-admin\node_modules\socket.io\lib\socket.js:531:8)
    at Socket.onevent (C:\Users\Admin\Desktop\plFurniture\fur-admin\node_modules\socket.io\lib\socket.js:364:8)
    at Socket.onpacket (C:\Users\Admin\Desktop\plFurniture\fur-admin\node_modules\socket.io\lib\socket.js:324:12)
    at C:\Users\Admin\Desktop\plFurniture\fur-admin\node_modules\socket.io\lib\client.js:214:16
    at processTicksAndRejections (internal/process/task_queues.js:75:11)
name: "TokenExpiredError"
message: "jwt expired"
expiredAt: "2020-01-09T16:24:38.000Z"
pid: 17048
hostname: PS2019NMKIZIZR

2020-01-10 00:28:50,643 ERROR 16864 nodejs.TypeError: [egg-socket.io] controller execute error: socket.socket is not a function
    at Controller.addSubmit (C:\Users\Admin\Desktop\plFurniture\fur-admin\app\io\controller\chat.js:120:20)
    at Object.callFn (C:\Users\Admin\Desktop\plFurniture\fur-admin\node_modules\egg-core\lib\utils\index.js:44:21)
    at Object.classControllerMiddleware (C:\Users\Admin\Desktop\plFurniture\fur-admin\node_modules\egg-core\lib\loader\mixin\controller.js:87:20)
    at Socket.<anonymous> (C:\Users\Admin\Desktop\plFurniture\fur-admin\node_modules\egg-socket.io\lib\io.js:104:23)
    at Socket.emit (events.js:210:5)
    at C:\Users\Admin\Desktop\plFurniture\fur-admin\node_modules\socket.io\lib\socket.js:528:12
    at processTicksAndRejections (internal/process/task_queues.js:75:11)

pid: 16864
hostname: PS2019NMKIZIZR

2020-01-10 00:29:39,060 ERROR 16428 nodejs.TypeError: [egg-socket.io] controller execute error: socket.socket is not a function
    at Controller.addSubmit (C:\Users\Admin\Desktop\plFurniture\fur-admin\app\io\controller\chat.js:120:20)
    at Object.callFn (C:\Users\Admin\Desktop\plFurniture\fur-admin\node_modules\egg-core\lib\utils\index.js:44:21)
    at Object.classControllerMiddleware (C:\Users\Admin\Desktop\plFurniture\fur-admin\node_modules\egg-core\lib\loader\mixin\controller.js:87:20)
    at Socket.<anonymous> (C:\Users\Admin\Desktop\plFurniture\fur-admin\node_modules\egg-socket.io\lib\io.js:104:23)
    at Socket.emit (events.js:210:5)
    at C:\Users\Admin\Desktop\plFurniture\fur-admin\node_modules\socket.io\lib\socket.js:528:12
    at processTicksAndRejections (internal/process/task_queues.js:75:11)

pid: 16428
hostname: PS2019NMKIZIZR

2020-01-10 00:30:10,840 ERROR 15080 nodejs.TypeError: [egg-socket.io] controller execute error: Cannot read property 'socket' of undefined
    at Controller.addSubmit (C:\Users\Admin\Desktop\plFurniture\fur-admin\app\io\controller\chat.js:120:21)
    at Object.callFn (C:\Users\Admin\Desktop\plFurniture\fur-admin\node_modules\egg-core\lib\utils\index.js:44:21)
    at Object.classControllerMiddleware (C:\Users\Admin\Desktop\plFurniture\fur-admin\node_modules\egg-core\lib\loader\mixin\controller.js:87:20)
    at Socket.<anonymous> (C:\Users\Admin\Desktop\plFurniture\fur-admin\node_modules\egg-socket.io\lib\io.js:104:23)
    at Socket.emit (events.js:210:5)
    at C:\Users\Admin\Desktop\plFurniture\fur-admin\node_modules\socket.io\lib\socket.js:528:12
    at processTicksAndRejections (internal/process/task_queues.js:75:11)

pid: 15080
hostname: PS2019NMKIZIZR

2020-01-10 00:30:41,094 ERROR 12596 nodejs.TypeError: [egg-socket.io] controller execute error: socket.socket is not a function
    at Controller.addSubmit (C:\Users\Admin\Desktop\plFurniture\fur-admin\app\io\controller\chat.js:119:20)
    at Object.callFn (C:\Users\Admin\Desktop\plFurniture\fur-admin\node_modules\egg-core\lib\utils\index.js:44:21)
    at Object.classControllerMiddleware (C:\Users\Admin\Desktop\plFurniture\fur-admin\node_modules\egg-core\lib\loader\mixin\controller.js:87:20)
    at Socket.<anonymous> (C:\Users\Admin\Desktop\plFurniture\fur-admin\node_modules\egg-socket.io\lib\io.js:104:23)
    at Socket.emit (events.js:210:5)
    at C:\Users\Admin\Desktop\plFurniture\fur-admin\node_modules\socket.io\lib\socket.js:528:12
    at processTicksAndRejections (internal/process/task_queues.js:75:11)

pid: 12596
hostname: PS2019NMKIZIZR

2020-01-10 00:31:57,611 ERROR 16232 nodejs.TypeError: [egg-socket.io] controller execute error: Cannot read property 'emit' of undefined
    at Controller.addSubmit (C:\Users\Admin\Desktop\plFurniture\fur-admin\app\io\controller\chat.js:119:31)
    at Object.callFn (C:\Users\Admin\Desktop\plFurniture\fur-admin\node_modules\egg-core\lib\utils\index.js:44:21)
    at Object.classControllerMiddleware (C:\Users\Admin\Desktop\plFurniture\fur-admin\node_modules\egg-core\lib\loader\mixin\controller.js:87:20)
    at Socket.<anonymous> (C:\Users\Admin\Desktop\plFurniture\fur-admin\node_modules\egg-socket.io\lib\io.js:104:23)
    at Socket.emit (events.js:210:5)
    at C:\Users\Admin\Desktop\plFurniture\fur-admin\node_modules\socket.io\lib\socket.js:528:12
    at processTicksAndRejections (internal/process/task_queues.js:75:11)

pid: 16232
hostname: PS2019NMKIZIZR

2020-01-10 00:32:16,808 ERROR 15912 nodejs.TypeError: [egg-socket.io] controller execute error: Cannot read property 'socket' of undefined
    at Controller.addSubmit (C:\Users\Admin\Desktop\plFurniture\fur-admin\app\io\controller\chat.js:119:25)
    at Object.callFn (C:\Users\Admin\Desktop\plFurniture\fur-admin\node_modules\egg-core\lib\utils\index.js:44:21)
    at Object.classControllerMiddleware (C:\Users\Admin\Desktop\plFurniture\fur-admin\node_modules\egg-core\lib\loader\mixin\controller.js:87:20)
    at Socket.<anonymous> (C:\Users\Admin\Desktop\plFurniture\fur-admin\node_modules\egg-socket.io\lib\io.js:104:23)
    at Socket.emit (events.js:210:5)
    at C:\Users\Admin\Desktop\plFurniture\fur-admin\node_modules\socket.io\lib\socket.js:528:12
    at processTicksAndRejections (internal/process/task_queues.js:75:11)

pid: 15912
hostname: PS2019NMKIZIZR

2020-01-10 00:32:33,293 ERROR 5136 nodejs.TypeError: [egg-socket.io] controller execute error: Cannot read property 'emit' of undefined
    at Controller.addSubmit (C:\Users\Admin\Desktop\plFurniture\fur-admin\app\io\controller\chat.js:119:31)
    at Object.callFn (C:\Users\Admin\Desktop\plFurniture\fur-admin\node_modules\egg-core\lib\utils\index.js:44:21)
    at Object.classControllerMiddleware (C:\Users\Admin\Desktop\plFurniture\fur-admin\node_modules\egg-core\lib\loader\mixin\controller.js:87:20)
    at Socket.<anonymous> (C:\Users\Admin\Desktop\plFurniture\fur-admin\node_modules\egg-socket.io\lib\io.js:104:23)
    at Socket.emit (events.js:210:5)
    at C:\Users\Admin\Desktop\plFurniture\fur-admin\node_modules\socket.io\lib\socket.js:528:12
    at processTicksAndRejections (internal/process/task_queues.js:75:11)

pid: 5136
hostname: PS2019NMKIZIZR

