2020-01-13 00:00:01,008 INFO 6180 [egg-logrotator] app logger reload: got log-reload message
2020-01-13 00:00:27,287 INFO 1144 [egg:logger] init all loggers with options: {"dir":"C:\\Users\\Admin\\Desktop\\plFurniture\\fur-admin\\logs\\fur-admin","encoding":"utf8","env":"local","level":"INFO","consoleLevel":"INFO","disableConsoleAfterReady":false,"outputJSON":false,"buffer":true,"appLogName":"fur-admin-web.log","coreLogName":"egg-web.log","agentLogName":"egg-agent.log","errorLogName":"common-error.log","coreLogger":{"consoleLevel":"WARN"},"allowDebugAtProd":false,"type":"application"}
2020-01-13 00:00:27,311 INFO 1144 [egg-multipart] stream mode enable
2020-01-13 00:00:27,674 INFO 1144 [egg-static] starting static serve /public/ -> C:\Users\Admin\Desktop\plFurniture\fur-admin\app\public
2020-01-13 00:00:27,676 INFO 1144 [egg-security] use methodnoallow middleware
2020-01-13 00:00:27,676 INFO 1144 [egg-security] use noopen middleware
2020-01-13 00:00:27,677 INFO 1144 [egg-security] use nosniff middleware
2020-01-13 00:00:27,678 INFO 1144 [egg-security] use xssProtection middleware
2020-01-13 00:00:27,678 INFO 1144 [egg-security] use xframe middleware
2020-01-13 00:00:27,679 INFO 1144 [egg-security] use dta middleware
2020-01-13 00:00:27,679 INFO 1144 [egg-security] compose 6 middlewares into one security middleware
2020-01-13 00:00:27,694 INFO 1144 [egg:core] dump config after load, 4ms
2020-01-13 00:00:27,724 INFO 1144 [egg-watcher:application] watcher start success
2020-01-13 00:00:28,223 INFO 1144 [egg:core] dump config after ready, 5ms
2020-01-13 00:01:13,815 ERROR 1144 nodejs.TypeError: Cannot read property 'emit' of undefined
    at C:\Users\Admin\Desktop\plFurniture\fur-admin\app\io\controller\chat.js:158:44
    at Array.map (<anonymous>)
    at C:\Users\Admin\Desktop\plFurniture\fur-admin\app\io\controller\chat.js:157:27

pid: 1144
hostname: PS2019NMKIZIZR

2020-01-13 00:02:15,585 INFO 16272 [egg:logger] init all loggers with options: {"dir":"C:\\Users\\Admin\\Desktop\\plFurniture\\fur-admin\\logs\\fur-admin","encoding":"utf8","env":"local","level":"INFO","consoleLevel":"INFO","disableConsoleAfterReady":false,"outputJSON":false,"buffer":true,"appLogName":"fur-admin-web.log","coreLogName":"egg-web.log","agentLogName":"egg-agent.log","errorLogName":"common-error.log","coreLogger":{"consoleLevel":"WARN"},"allowDebugAtProd":false,"type":"application"}
2020-01-13 00:02:15,609 INFO 16272 [egg-multipart] stream mode enable
2020-01-13 00:02:15,968 INFO 16272 [egg-static] starting static serve /public/ -> C:\Users\Admin\Desktop\plFurniture\fur-admin\app\public
2020-01-13 00:02:15,970 INFO 16272 [egg-security] use methodnoallow middleware
2020-01-13 00:02:15,971 INFO 16272 [egg-security] use noopen middleware
2020-01-13 00:02:15,972 INFO 16272 [egg-security] use nosniff middleware
2020-01-13 00:02:15,972 INFO 16272 [egg-security] use xssProtection middleware
2020-01-13 00:02:15,973 INFO 16272 [egg-security] use xframe middleware
2020-01-13 00:02:15,973 INFO 16272 [egg-security] use dta middleware
2020-01-13 00:02:15,973 INFO 16272 [egg-security] compose 6 middlewares into one security middleware
2020-01-13 00:02:15,988 INFO 16272 [egg:core] dump config after load, 4ms
2020-01-13 00:02:16,019 INFO 16272 [egg-watcher:application] watcher start success
2020-01-13 00:02:16,517 INFO 16272 [egg:core] dump config after ready, 5ms
2020-01-13 00:02:29,127 ERROR 16272 nodejs.TypeError: Cannot read property 'emit' of undefined
    at C:\Users\Admin\Desktop\plFurniture\fur-admin\app\io\controller\chat.js:159:44
    at Array.map (<anonymous>)
    at C:\Users\Admin\Desktop\plFurniture\fur-admin\app\io\controller\chat.js:158:27

pid: 16272
hostname: PS2019NMKIZIZR

2020-01-13 00:03:56,258 INFO 14776 [egg:logger] init all loggers with options: {"dir":"C:\\Users\\Admin\\Desktop\\plFurniture\\fur-admin\\logs\\fur-admin","encoding":"utf8","env":"local","level":"INFO","consoleLevel":"INFO","disableConsoleAfterReady":false,"outputJSON":false,"buffer":true,"appLogName":"fur-admin-web.log","coreLogName":"egg-web.log","agentLogName":"egg-agent.log","errorLogName":"common-error.log","coreLogger":{"consoleLevel":"WARN"},"allowDebugAtProd":false,"type":"application"}
2020-01-13 00:03:56,282 INFO 14776 [egg-multipart] stream mode enable
2020-01-13 00:03:56,642 INFO 14776 [egg-static] starting static serve /public/ -> C:\Users\Admin\Desktop\plFurniture\fur-admin\app\public
2020-01-13 00:03:56,644 INFO 14776 [egg-security] use methodnoallow middleware
2020-01-13 00:03:56,645 INFO 14776 [egg-security] use noopen middleware
2020-01-13 00:03:56,645 INFO 14776 [egg-security] use nosniff middleware
2020-01-13 00:03:56,646 INFO 14776 [egg-security] use xssProtection middleware
2020-01-13 00:03:56,646 INFO 14776 [egg-security] use xframe middleware
2020-01-13 00:03:56,647 INFO 14776 [egg-security] use dta middleware
2020-01-13 00:03:56,647 INFO 14776 [egg-security] compose 6 middlewares into one security middleware
2020-01-13 00:03:56,662 INFO 14776 [egg:core] dump config after load, 3ms
2020-01-13 00:03:56,692 INFO 14776 [egg-watcher:application] watcher start success
2020-01-13 00:03:57,203 INFO 14776 [egg:core] dump config after ready, 5ms
2020-01-13 00:04:24,133 ERROR 14776 nodejs.TypeError: Cannot read property 'emit' of undefined
    at C:\Users\Admin\Desktop\plFurniture\fur-admin\app\io\controller\chat.js:160:44
    at Array.map (<anonymous>)
    at C:\Users\Admin\Desktop\plFurniture\fur-admin\app\io\controller\chat.js:158:27

pid: 14776
hostname: PS2019NMKIZIZR

2020-01-13 00:05:06,332 INFO 18328 [egg:logger] init all loggers with options: {"dir":"C:\\Users\\Admin\\Desktop\\plFurniture\\fur-admin\\logs\\fur-admin","encoding":"utf8","env":"local","level":"INFO","consoleLevel":"INFO","disableConsoleAfterReady":false,"outputJSON":false,"buffer":true,"appLogName":"fur-admin-web.log","coreLogName":"egg-web.log","agentLogName":"egg-agent.log","errorLogName":"common-error.log","coreLogger":{"consoleLevel":"WARN"},"allowDebugAtProd":false,"type":"application"}
2020-01-13 00:05:06,363 INFO 18328 [egg-multipart] stream mode enable
2020-01-13 00:05:06,728 INFO 18328 [egg-static] starting static serve /public/ -> C:\Users\Admin\Desktop\plFurniture\fur-admin\app\public
2020-01-13 00:05:06,730 INFO 18328 [egg-security] use methodnoallow middleware
2020-01-13 00:05:06,731 INFO 18328 [egg-security] use noopen middleware
2020-01-13 00:05:06,732 INFO 18328 [egg-security] use nosniff middleware
2020-01-13 00:05:06,732 INFO 18328 [egg-security] use xssProtection middleware
2020-01-13 00:05:06,732 INFO 18328 [egg-security] use xframe middleware
2020-01-13 00:05:06,733 INFO 18328 [egg-security] use dta middleware
2020-01-13 00:05:06,733 INFO 18328 [egg-security] compose 6 middlewares into one security middleware
2020-01-13 00:05:06,748 INFO 18328 [egg:core] dump config after load, 4ms
2020-01-13 00:05:06,780 INFO 18328 [egg-watcher:application] watcher start success
2020-01-13 00:05:07,282 INFO 18328 [egg:core] dump config after ready, 5ms
2020-01-13 00:05:57,006 INFO 17552 [egg:logger] init all loggers with options: {"dir":"C:\\Users\\Admin\\Desktop\\plFurniture\\fur-admin\\logs\\fur-admin","encoding":"utf8","env":"local","level":"INFO","consoleLevel":"INFO","disableConsoleAfterReady":false,"outputJSON":false,"buffer":true,"appLogName":"fur-admin-web.log","coreLogName":"egg-web.log","agentLogName":"egg-agent.log","errorLogName":"common-error.log","coreLogger":{"consoleLevel":"WARN"},"allowDebugAtProd":false,"type":"application"}
2020-01-13 00:05:57,030 INFO 17552 [egg-multipart] stream mode enable
2020-01-13 00:05:57,391 INFO 17552 [egg-static] starting static serve /public/ -> C:\Users\Admin\Desktop\plFurniture\fur-admin\app\public
2020-01-13 00:05:57,393 INFO 17552 [egg-security] use methodnoallow middleware
2020-01-13 00:05:57,394 INFO 17552 [egg-security] use noopen middleware
2020-01-13 00:05:57,395 INFO 17552 [egg-security] use nosniff middleware
2020-01-13 00:05:57,395 INFO 17552 [egg-security] use xssProtection middleware
2020-01-13 00:05:57,396 INFO 17552 [egg-security] use xframe middleware
2020-01-13 00:05:57,396 INFO 17552 [egg-security] use dta middleware
2020-01-13 00:05:57,396 INFO 17552 [egg-security] compose 6 middlewares into one security middleware
2020-01-13 00:05:57,412 INFO 17552 [egg:core] dump config after load, 5ms
2020-01-13 00:05:57,445 INFO 17552 [egg-watcher:application] watcher start success
2020-01-13 00:05:57,947 INFO 17552 [egg:core] dump config after ready, 5ms
2020-01-13 00:06:12,615 INFO 11764 [egg:logger] init all loggers with options: {"dir":"C:\\Users\\Admin\\Desktop\\plFurniture\\fur-admin\\logs\\fur-admin","encoding":"utf8","env":"local","level":"INFO","consoleLevel":"INFO","disableConsoleAfterReady":false,"outputJSON":false,"buffer":true,"appLogName":"fur-admin-web.log","coreLogName":"egg-web.log","agentLogName":"egg-agent.log","errorLogName":"common-error.log","coreLogger":{"consoleLevel":"WARN"},"allowDebugAtProd":false,"type":"application"}
2020-01-13 00:06:12,639 INFO 11764 [egg-multipart] stream mode enable
2020-01-13 00:06:13,002 INFO 11764 [egg-static] starting static serve /public/ -> C:\Users\Admin\Desktop\plFurniture\fur-admin\app\public
2020-01-13 00:06:13,004 INFO 11764 [egg-security] use methodnoallow middleware
2020-01-13 00:06:13,004 INFO 11764 [egg-security] use noopen middleware
2020-01-13 00:06:13,005 INFO 11764 [egg-security] use nosniff middleware
2020-01-13 00:06:13,006 INFO 11764 [egg-security] use xssProtection middleware
2020-01-13 00:06:13,006 INFO 11764 [egg-security] use xframe middleware
2020-01-13 00:06:13,007 INFO 11764 [egg-security] use dta middleware
2020-01-13 00:06:13,007 INFO 11764 [egg-security] compose 6 middlewares into one security middleware
2020-01-13 00:06:13,022 INFO 11764 [egg:core] dump config after load, 4ms
2020-01-13 00:06:13,054 INFO 11764 [egg-watcher:application] watcher start success
2020-01-13 00:06:13,541 INFO 11764 [egg:core] dump config after ready, 5ms
2020-01-13 00:06:40,255 ERROR 11764 nodejs.TypeError: Cannot read property 'emit' of undefined
    at C:\Users\Admin\Desktop\plFurniture\fur-admin\app\io\controller\chat.js:159:52
    at Array.map (<anonymous>)
    at C:\Users\Admin\Desktop\plFurniture\fur-admin\app\io\controller\chat.js:158:27

pid: 11764
hostname: PS2019NMKIZIZR

2020-01-13 00:08:42,054 INFO 2644 [egg:logger] init all loggers with options: {"dir":"C:\\Users\\Admin\\Desktop\\plFurniture\\fur-admin\\logs\\fur-admin","encoding":"utf8","env":"local","level":"INFO","consoleLevel":"INFO","disableConsoleAfterReady":false,"outputJSON":false,"buffer":true,"appLogName":"fur-admin-web.log","coreLogName":"egg-web.log","agentLogName":"egg-agent.log","errorLogName":"common-error.log","coreLogger":{"consoleLevel":"WARN"},"allowDebugAtProd":false,"type":"application"}
2020-01-13 00:08:42,078 INFO 2644 [egg-multipart] stream mode enable
2020-01-13 00:08:42,444 INFO 2644 [egg-static] starting static serve /public/ -> C:\Users\Admin\Desktop\plFurniture\fur-admin\app\public
2020-01-13 00:08:42,446 INFO 2644 [egg-security] use methodnoallow middleware
2020-01-13 00:08:42,446 INFO 2644 [egg-security] use noopen middleware
2020-01-13 00:08:42,447 INFO 2644 [egg-security] use nosniff middleware
2020-01-13 00:08:42,448 INFO 2644 [egg-security] use xssProtection middleware
2020-01-13 00:08:42,448 INFO 2644 [egg-security] use xframe middleware
2020-01-13 00:08:42,449 INFO 2644 [egg-security] use dta middleware
2020-01-13 00:08:42,449 INFO 2644 [egg-security] compose 6 middlewares into one security middleware
2020-01-13 00:08:42,464 INFO 2644 [egg:core] dump config after load, 4ms
2020-01-13 00:08:42,494 INFO 2644 [egg-watcher:application] watcher start success
2020-01-13 00:08:42,995 INFO 2644 [egg:core] dump config after ready, 5ms
2020-01-13 00:08:59,235 ERROR 2644 nodejs.TypeError: Cannot read property 'emit' of undefined
    at C:\Users\Admin\Desktop\plFurniture\fur-admin\app\io\controller\chat.js:159:44
    at Array.map (<anonymous>)
    at C:\Users\Admin\Desktop\plFurniture\fur-admin\app\io\controller\chat.js:158:27

pid: 2644
hostname: PS2019NMKIZIZR

2020-01-13 00:09:34,510 INFO 8044 [egg:logger] init all loggers with options: {"dir":"C:\\Users\\Admin\\Desktop\\plFurniture\\fur-admin\\logs\\fur-admin","encoding":"utf8","env":"local","level":"INFO","consoleLevel":"INFO","disableConsoleAfterReady":false,"outputJSON":false,"buffer":true,"appLogName":"fur-admin-web.log","coreLogName":"egg-web.log","agentLogName":"egg-agent.log","errorLogName":"common-error.log","coreLogger":{"consoleLevel":"WARN"},"allowDebugAtProd":false,"type":"application"}
2020-01-13 00:09:34,534 INFO 8044 [egg-multipart] stream mode enable
2020-01-13 00:09:34,897 INFO 8044 [egg-static] starting static serve /public/ -> C:\Users\Admin\Desktop\plFurniture\fur-admin\app\public
2020-01-13 00:09:34,899 INFO 8044 [egg-security] use methodnoallow middleware
2020-01-13 00:09:34,900 INFO 8044 [egg-security] use noopen middleware
2020-01-13 00:09:34,901 INFO 8044 [egg-security] use nosniff middleware
2020-01-13 00:09:34,901 INFO 8044 [egg-security] use xssProtection middleware
2020-01-13 00:09:34,902 INFO 8044 [egg-security] use xframe middleware
2020-01-13 00:09:34,902 INFO 8044 [egg-security] use dta middleware
2020-01-13 00:09:34,902 INFO 8044 [egg-security] compose 6 middlewares into one security middleware
2020-01-13 00:09:34,917 INFO 8044 [egg:core] dump config after load, 4ms
2020-01-13 00:09:34,947 INFO 8044 [egg-watcher:application] watcher start success
2020-01-13 00:09:35,531 INFO 8044 [egg:core] dump config after ready, 5ms
2020-01-13 00:11:05,053 INFO 16776 [egg:logger] init all loggers with options: {"dir":"C:\\Users\\Admin\\Desktop\\plFurniture\\fur-admin\\logs\\fur-admin","encoding":"utf8","env":"local","level":"INFO","consoleLevel":"INFO","disableConsoleAfterReady":false,"outputJSON":false,"buffer":true,"appLogName":"fur-admin-web.log","coreLogName":"egg-web.log","agentLogName":"egg-agent.log","errorLogName":"common-error.log","coreLogger":{"consoleLevel":"WARN"},"allowDebugAtProd":false,"type":"application"}
2020-01-13 00:11:05,077 INFO 16776 [egg-multipart] stream mode enable
2020-01-13 00:11:05,438 INFO 16776 [egg-static] starting static serve /public/ -> C:\Users\Admin\Desktop\plFurniture\fur-admin\app\public
2020-01-13 00:11:05,440 INFO 16776 [egg-security] use methodnoallow middleware
2020-01-13 00:11:05,441 INFO 16776 [egg-security] use noopen middleware
2020-01-13 00:11:05,442 INFO 16776 [egg-security] use nosniff middleware
2020-01-13 00:11:05,442 INFO 16776 [egg-security] use xssProtection middleware
2020-01-13 00:11:05,443 INFO 16776 [egg-security] use xframe middleware
2020-01-13 00:11:05,443 INFO 16776 [egg-security] use dta middleware
2020-01-13 00:11:05,443 INFO 16776 [egg-security] compose 6 middlewares into one security middleware
2020-01-13 00:11:05,458 INFO 16776 [egg:core] dump config after load, 4ms
2020-01-13 00:11:05,489 INFO 16776 [egg-watcher:application] watcher start success
2020-01-13 00:11:05,987 INFO 16776 [egg:core] dump config after ready, 5ms
2020-01-13 00:11:20,570 ERROR 16776 nodejs.TypeError: Cannot read property 'emit' of undefined
    at C:\Users\Admin\Desktop\plFurniture\fur-admin\app\io\controller\chat.js:159:44
    at Array.map (<anonymous>)
    at C:\Users\Admin\Desktop\plFurniture\fur-admin\app\io\controller\chat.js:158:27

pid: 16776
hostname: PS2019NMKIZIZR

2020-01-13 00:13:49,005 INFO 1748 [egg:logger] init all loggers with options: {"dir":"C:\\Users\\Admin\\Desktop\\plFurniture\\fur-admin\\logs\\fur-admin","encoding":"utf8","env":"local","level":"INFO","consoleLevel":"INFO","disableConsoleAfterReady":false,"outputJSON":false,"buffer":true,"appLogName":"fur-admin-web.log","coreLogName":"egg-web.log","agentLogName":"egg-agent.log","errorLogName":"common-error.log","coreLogger":{"consoleLevel":"WARN"},"allowDebugAtProd":false,"type":"application"}
2020-01-13 00:13:49,030 INFO 1748 [egg-multipart] stream mode enable
2020-01-13 00:13:49,396 INFO 1748 [egg-static] starting static serve /public/ -> C:\Users\Admin\Desktop\plFurniture\fur-admin\app\public
2020-01-13 00:13:49,398 INFO 1748 [egg-security] use methodnoallow middleware
2020-01-13 00:13:49,399 INFO 1748 [egg-security] use noopen middleware
2020-01-13 00:13:49,399 INFO 1748 [egg-security] use nosniff middleware
2020-01-13 00:13:49,400 INFO 1748 [egg-security] use xssProtection middleware
2020-01-13 00:13:49,400 INFO 1748 [egg-security] use xframe middleware
2020-01-13 00:13:49,401 INFO 1748 [egg-security] use dta middleware
2020-01-13 00:13:49,401 INFO 1748 [egg-security] compose 6 middlewares into one security middleware
2020-01-13 00:13:49,416 INFO 1748 [egg:core] dump config after load, 4ms
2020-01-13 00:13:49,447 INFO 1748 [egg-watcher:application] watcher start success
2020-01-13 00:13:49,951 INFO 1748 [egg:core] dump config after ready, 5ms
2020-01-13 00:15:49,670 INFO 16756 [egg:logger] init all loggers with options: {"dir":"C:\\Users\\Admin\\Desktop\\plFurniture\\fur-admin\\logs\\fur-admin","encoding":"utf8","env":"local","level":"INFO","consoleLevel":"INFO","disableConsoleAfterReady":false,"outputJSON":false,"buffer":true,"appLogName":"fur-admin-web.log","coreLogName":"egg-web.log","agentLogName":"egg-agent.log","errorLogName":"common-error.log","coreLogger":{"consoleLevel":"WARN"},"allowDebugAtProd":false,"type":"application"}
2020-01-13 00:15:49,694 INFO 16756 [egg-multipart] stream mode enable
2020-01-13 00:15:50,056 INFO 16756 [egg-static] starting static serve /public/ -> C:\Users\Admin\Desktop\plFurniture\fur-admin\app\public
2020-01-13 00:15:50,058 INFO 16756 [egg-security] use methodnoallow middleware
2020-01-13 00:15:50,058 INFO 16756 [egg-security] use noopen middleware
2020-01-13 00:15:50,059 INFO 16756 [egg-security] use nosniff middleware
2020-01-13 00:15:50,060 INFO 16756 [egg-security] use xssProtection middleware
2020-01-13 00:15:50,060 INFO 16756 [egg-security] use xframe middleware
2020-01-13 00:15:50,061 INFO 16756 [egg-security] use dta middleware
2020-01-13 00:15:50,061 INFO 16756 [egg-security] compose 6 middlewares into one security middleware
2020-01-13 00:15:50,076 INFO 16756 [egg:core] dump config after load, 5ms
2020-01-13 00:15:50,106 INFO 16756 [egg-watcher:application] watcher start success
2020-01-13 00:15:50,605 INFO 16756 [egg:core] dump config after ready, 5ms
2020-01-13 00:18:06,700 INFO 3076 [egg:logger] init all loggers with options: {"dir":"C:\\Users\\Admin\\Desktop\\plFurniture\\fur-admin\\logs\\fur-admin","encoding":"utf8","env":"local","level":"INFO","consoleLevel":"INFO","disableConsoleAfterReady":false,"outputJSON":false,"buffer":true,"appLogName":"fur-admin-web.log","coreLogName":"egg-web.log","agentLogName":"egg-agent.log","errorLogName":"common-error.log","coreLogger":{"consoleLevel":"WARN"},"allowDebugAtProd":false,"type":"application"}
2020-01-13 00:18:06,724 INFO 3076 [egg-multipart] stream mode enable
2020-01-13 00:18:07,083 INFO 3076 [egg-static] starting static serve /public/ -> C:\Users\Admin\Desktop\plFurniture\fur-admin\app\public
2020-01-13 00:18:07,085 INFO 3076 [egg-security] use methodnoallow middleware
2020-01-13 00:18:07,086 INFO 3076 [egg-security] use noopen middleware
2020-01-13 00:18:07,087 INFO 3076 [egg-security] use nosniff middleware
2020-01-13 00:18:07,087 INFO 3076 [egg-security] use xssProtection middleware
2020-01-13 00:18:07,087 INFO 3076 [egg-security] use xframe middleware
2020-01-13 00:18:07,088 INFO 3076 [egg-security] use dta middleware
2020-01-13 00:18:07,088 INFO 3076 [egg-security] compose 6 middlewares into one security middleware
2020-01-13 00:18:07,103 INFO 3076 [egg:core] dump config after load, 4ms
2020-01-13 00:18:07,133 INFO 3076 [egg-watcher:application] watcher start success
2020-01-13 00:18:07,628 INFO 3076 [egg:core] dump config after ready, 7ms
2020-01-13 00:19:00,891 ERROR 3076 nodejs.TypeError: Cannot read property 'data' of undefined
    at C:\Users\Admin\Desktop\plFurniture\fur-admin\app\io\middleware\token.js:15:62
    at processTicksAndRejections (internal/process/task_queues.js:93:5)
    at async C:\Users\Admin\Desktop\plFurniture\fur-admin\app\io\middleware\filter.js:7:5
    at async session (C:\Users\Admin\Desktop\plFurniture\fur-admin\node_modules\koa-session\index.js:41:7)

pid: 3076
hostname: PS2019NMKIZIZR

2020-01-13 00:20:24,087 INFO 15056 [egg:logger] init all loggers with options: {"dir":"C:\\Users\\Admin\\Desktop\\plFurniture\\fur-admin\\logs\\fur-admin","encoding":"utf8","env":"local","level":"INFO","consoleLevel":"INFO","disableConsoleAfterReady":false,"outputJSON":false,"buffer":true,"appLogName":"fur-admin-web.log","coreLogName":"egg-web.log","agentLogName":"egg-agent.log","errorLogName":"common-error.log","coreLogger":{"consoleLevel":"WARN"},"allowDebugAtProd":false,"type":"application"}
2020-01-13 00:20:24,113 INFO 15056 [egg-multipart] stream mode enable
2020-01-13 00:20:24,481 INFO 15056 [egg-static] starting static serve /public/ -> C:\Users\Admin\Desktop\plFurniture\fur-admin\app\public
2020-01-13 00:20:24,483 INFO 15056 [egg-security] use methodnoallow middleware
2020-01-13 00:20:24,483 INFO 15056 [egg-security] use noopen middleware
2020-01-13 00:20:24,484 INFO 15056 [egg-security] use nosniff middleware
2020-01-13 00:20:24,484 INFO 15056 [egg-security] use xssProtection middleware
2020-01-13 00:20:24,485 INFO 15056 [egg-security] use xframe middleware
2020-01-13 00:20:24,485 INFO 15056 [egg-security] use dta middleware
2020-01-13 00:20:24,485 INFO 15056 [egg-security] compose 6 middlewares into one security middleware
2020-01-13 00:20:24,501 INFO 15056 [egg:core] dump config after load, 4ms
2020-01-13 00:20:24,532 INFO 15056 [egg-watcher:application] watcher start success
2020-01-13 00:20:25,035 INFO 15056 [egg:core] dump config after ready, 5ms
2020-01-13 00:20:36,790 ERROR 15056 nodejs.TypeError: Cannot read property 'emit' of undefined
    at C:\Users\Admin\Desktop\plFurniture\fur-admin\app\io\controller\chat.js:159:52
    at Array.map (<anonymous>)
    at C:\Users\Admin\Desktop\plFurniture\fur-admin\app\io\controller\chat.js:158:27

pid: 15056
hostname: PS2019NMKIZIZR

2020-01-13 00:24:54,159 INFO 16180 [egg:logger] init all loggers with options: {"dir":"C:\\Users\\Admin\\Desktop\\plFurniture\\fur-admin\\logs\\fur-admin","encoding":"utf8","env":"local","level":"INFO","consoleLevel":"INFO","disableConsoleAfterReady":false,"outputJSON":false,"buffer":true,"appLogName":"fur-admin-web.log","coreLogName":"egg-web.log","agentLogName":"egg-agent.log","errorLogName":"common-error.log","coreLogger":{"consoleLevel":"WARN"},"allowDebugAtProd":false,"type":"application"}
2020-01-13 00:24:54,185 INFO 16180 [egg-multipart] stream mode enable
2020-01-13 00:24:54,551 INFO 16180 [egg-static] starting static serve /public/ -> C:\Users\Admin\Desktop\plFurniture\fur-admin\app\public
2020-01-13 00:24:54,553 INFO 16180 [egg-security] use methodnoallow middleware
2020-01-13 00:24:54,554 INFO 16180 [egg-security] use noopen middleware
2020-01-13 00:24:54,555 INFO 16180 [egg-security] use nosniff middleware
2020-01-13 00:24:54,555 INFO 16180 [egg-security] use xssProtection middleware
2020-01-13 00:24:54,556 INFO 16180 [egg-security] use xframe middleware
2020-01-13 00:24:54,556 INFO 16180 [egg-security] use dta middleware
2020-01-13 00:24:54,556 INFO 16180 [egg-security] compose 6 middlewares into one security middleware
2020-01-13 00:24:54,571 INFO 16180 [egg:core] dump config after load, 4ms
2020-01-13 00:24:54,603 INFO 16180 [egg-watcher:application] watcher start success
2020-01-13 00:24:55,108 INFO 16180 [egg:core] dump config after ready, 5ms
2020-01-13 00:25:00,665 ERROR 16180 nodejs.TypeError: Cannot read property 'emit' of undefined
    at C:\Users\Admin\Desktop\plFurniture\fur-admin\app\io\controller\chat.js:159:52
    at Array.map (<anonymous>)
    at C:\Users\Admin\Desktop\plFurniture\fur-admin\app\io\controller\chat.js:158:27

pid: 16180
hostname: PS2019NMKIZIZR

2020-01-13 00:27:09,945 INFO 12852 [egg:logger] init all loggers with options: {"dir":"C:\\Users\\Admin\\Desktop\\plFurniture\\fur-admin\\logs\\fur-admin","encoding":"utf8","env":"local","level":"INFO","consoleLevel":"INFO","disableConsoleAfterReady":false,"outputJSON":false,"buffer":true,"appLogName":"fur-admin-web.log","coreLogName":"egg-web.log","agentLogName":"egg-agent.log","errorLogName":"common-error.log","coreLogger":{"consoleLevel":"WARN"},"allowDebugAtProd":false,"type":"application"}
2020-01-13 00:27:09,969 INFO 12852 [egg-multipart] stream mode enable
2020-01-13 00:27:10,332 INFO 12852 [egg-static] starting static serve /public/ -> C:\Users\Admin\Desktop\plFurniture\fur-admin\app\public
2020-01-13 00:27:10,334 INFO 12852 [egg-security] use methodnoallow middleware
2020-01-13 00:27:10,335 INFO 12852 [egg-security] use noopen middleware
2020-01-13 00:27:10,336 INFO 12852 [egg-security] use nosniff middleware
2020-01-13 00:27:10,336 INFO 12852 [egg-security] use xssProtection middleware
2020-01-13 00:27:10,337 INFO 12852 [egg-security] use xframe middleware
2020-01-13 00:27:10,337 INFO 12852 [egg-security] use dta middleware
2020-01-13 00:27:10,337 INFO 12852 [egg-security] compose 6 middlewares into one security middleware
2020-01-13 00:27:10,353 INFO 12852 [egg:core] dump config after load, 4ms
2020-01-13 00:27:10,384 INFO 12852 [egg-watcher:application] watcher start success
2020-01-13 00:27:10,889 INFO 12852 [egg:core] dump config after ready, 5ms
2020-01-13 00:34:34,436 INFO 15980 [egg:logger] init all loggers with options: {"dir":"C:\\Users\\Admin\\Desktop\\plFurniture\\fur-admin\\logs\\fur-admin","encoding":"utf8","env":"local","level":"INFO","consoleLevel":"INFO","disableConsoleAfterReady":false,"outputJSON":false,"buffer":true,"appLogName":"fur-admin-web.log","coreLogName":"egg-web.log","agentLogName":"egg-agent.log","errorLogName":"common-error.log","coreLogger":{"consoleLevel":"WARN"},"allowDebugAtProd":false,"type":"application"}
2020-01-13 00:34:34,461 INFO 15980 [egg-multipart] stream mode enable
2020-01-13 00:34:34,823 INFO 15980 [egg-static] starting static serve /public/ -> C:\Users\Admin\Desktop\plFurniture\fur-admin\app\public
2020-01-13 00:34:34,825 INFO 15980 [egg-security] use methodnoallow middleware
2020-01-13 00:34:34,826 INFO 15980 [egg-security] use noopen middleware
2020-01-13 00:34:34,827 INFO 15980 [egg-security] use nosniff middleware
2020-01-13 00:34:34,827 INFO 15980 [egg-security] use xssProtection middleware
2020-01-13 00:34:34,828 INFO 15980 [egg-security] use xframe middleware
2020-01-13 00:34:34,828 INFO 15980 [egg-security] use dta middleware
2020-01-13 00:34:34,828 INFO 15980 [egg-security] compose 6 middlewares into one security middleware
2020-01-13 00:34:34,843 INFO 15980 [egg:core] dump config after load, 4ms
2020-01-13 00:34:34,875 INFO 15980 [egg-watcher:application] watcher start success
2020-01-13 00:34:35,371 INFO 15980 [egg:core] dump config after ready, 6ms
2020-01-13 00:35:55,167 INFO 14692 [egg:logger] init all loggers with options: {"dir":"C:\\Users\\Admin\\Desktop\\plFurniture\\fur-admin\\logs\\fur-admin","encoding":"utf8","env":"local","level":"INFO","consoleLevel":"INFO","disableConsoleAfterReady":false,"outputJSON":false,"buffer":true,"appLogName":"fur-admin-web.log","coreLogName":"egg-web.log","agentLogName":"egg-agent.log","errorLogName":"common-error.log","coreLogger":{"consoleLevel":"WARN"},"allowDebugAtProd":false,"type":"application"}
2020-01-13 00:35:55,192 INFO 14692 [egg-multipart] stream mode enable
2020-01-13 00:35:55,557 INFO 14692 [egg-static] starting static serve /public/ -> C:\Users\Admin\Desktop\plFurniture\fur-admin\app\public
2020-01-13 00:35:55,559 INFO 14692 [egg-security] use methodnoallow middleware
2020-01-13 00:35:55,560 INFO 14692 [egg-security] use noopen middleware
2020-01-13 00:35:55,560 INFO 14692 [egg-security] use nosniff middleware
2020-01-13 00:35:55,561 INFO 14692 [egg-security] use xssProtection middleware
2020-01-13 00:35:55,561 INFO 14692 [egg-security] use xframe middleware
2020-01-13 00:35:55,562 INFO 14692 [egg-security] use dta middleware
2020-01-13 00:35:55,562 INFO 14692 [egg-security] compose 6 middlewares into one security middleware
2020-01-13 00:35:55,577 INFO 14692 [egg:core] dump config after load, 4ms
2020-01-13 00:35:55,608 INFO 14692 [egg-watcher:application] watcher start success
2020-01-13 00:35:56,107 INFO 14692 [egg:core] dump config after ready, 4ms
2020-01-13 00:36:46,697 INFO 14620 [egg:logger] init all loggers with options: {"dir":"C:\\Users\\Admin\\Desktop\\plFurniture\\fur-admin\\logs\\fur-admin","encoding":"utf8","env":"local","level":"INFO","consoleLevel":"INFO","disableConsoleAfterReady":false,"outputJSON":false,"buffer":true,"appLogName":"fur-admin-web.log","coreLogName":"egg-web.log","agentLogName":"egg-agent.log","errorLogName":"common-error.log","coreLogger":{"consoleLevel":"WARN"},"allowDebugAtProd":false,"type":"application"}
2020-01-13 00:36:46,721 INFO 14620 [egg-multipart] stream mode enable
2020-01-13 00:36:47,095 INFO 14620 [egg-static] starting static serve /public/ -> C:\Users\Admin\Desktop\plFurniture\fur-admin\app\public
2020-01-13 00:36:47,097 INFO 14620 [egg-security] use methodnoallow middleware
2020-01-13 00:36:47,098 INFO 14620 [egg-security] use noopen middleware
2020-01-13 00:36:47,099 INFO 14620 [egg-security] use nosniff middleware
2020-01-13 00:36:47,099 INFO 14620 [egg-security] use xssProtection middleware
2020-01-13 00:36:47,100 INFO 14620 [egg-security] use xframe middleware
2020-01-13 00:36:47,100 INFO 14620 [egg-security] use dta middleware
2020-01-13 00:36:47,100 INFO 14620 [egg-security] compose 6 middlewares into one security middleware
2020-01-13 00:36:47,115 INFO 14620 [egg:core] dump config after load, 4ms
2020-01-13 00:36:47,147 INFO 14620 [egg-watcher:application] watcher start success
2020-01-13 00:36:47,662 INFO 14620 [egg:core] dump config after ready, 5ms
2020-01-13 00:43:11,724 INFO 12676 [egg:logger] init all loggers with options: {"dir":"C:\\Users\\Admin\\Desktop\\plFurniture\\fur-admin\\logs\\fur-admin","encoding":"utf8","env":"local","level":"INFO","consoleLevel":"INFO","disableConsoleAfterReady":false,"outputJSON":false,"buffer":true,"appLogName":"fur-admin-web.log","coreLogName":"egg-web.log","agentLogName":"egg-agent.log","errorLogName":"common-error.log","coreLogger":{"consoleLevel":"WARN"},"allowDebugAtProd":false,"type":"application"}
2020-01-13 00:43:11,748 INFO 12676 [egg-multipart] stream mode enable
2020-01-13 00:43:12,117 INFO 12676 [egg-static] starting static serve /public/ -> C:\Users\Admin\Desktop\plFurniture\fur-admin\app\public
2020-01-13 00:43:12,119 INFO 12676 [egg-security] use methodnoallow middleware
2020-01-13 00:43:12,120 INFO 12676 [egg-security] use noopen middleware
2020-01-13 00:43:12,121 INFO 12676 [egg-security] use nosniff middleware
2020-01-13 00:43:12,121 INFO 12676 [egg-security] use xssProtection middleware
2020-01-13 00:43:12,122 INFO 12676 [egg-security] use xframe middleware
2020-01-13 00:43:12,122 INFO 12676 [egg-security] use dta middleware
2020-01-13 00:43:12,122 INFO 12676 [egg-security] compose 6 middlewares into one security middleware
2020-01-13 00:43:12,137 INFO 12676 [egg:core] dump config after load, 4ms
2020-01-13 00:43:12,168 INFO 12676 [egg-watcher:application] watcher start success
2020-01-13 00:43:12,696 INFO 12676 [egg:core] dump config after ready, 5ms
2020-01-13 00:43:52,610 INFO 4296 [egg:logger] init all loggers with options: {"dir":"C:\\Users\\Admin\\Desktop\\plFurniture\\fur-admin\\logs\\fur-admin","encoding":"utf8","env":"local","level":"INFO","consoleLevel":"INFO","disableConsoleAfterReady":false,"outputJSON":false,"buffer":true,"appLogName":"fur-admin-web.log","coreLogName":"egg-web.log","agentLogName":"egg-agent.log","errorLogName":"common-error.log","coreLogger":{"consoleLevel":"WARN"},"allowDebugAtProd":false,"type":"application"}
2020-01-13 00:43:52,634 INFO 4296 [egg-multipart] stream mode enable
2020-01-13 00:43:52,999 INFO 4296 [egg-static] starting static serve /public/ -> C:\Users\Admin\Desktop\plFurniture\fur-admin\app\public
2020-01-13 00:43:53,001 INFO 4296 [egg-security] use methodnoallow middleware
2020-01-13 00:43:53,002 INFO 4296 [egg-security] use noopen middleware
2020-01-13 00:43:53,003 INFO 4296 [egg-security] use nosniff middleware
2020-01-13 00:43:53,003 INFO 4296 [egg-security] use xssProtection middleware
2020-01-13 00:43:53,004 INFO 4296 [egg-security] use xframe middleware
2020-01-13 00:43:53,004 INFO 4296 [egg-security] use dta middleware
2020-01-13 00:43:53,004 INFO 4296 [egg-security] compose 6 middlewares into one security middleware
2020-01-13 00:43:53,019 INFO 4296 [egg:core] dump config after load, 4ms
2020-01-13 00:43:53,050 INFO 4296 [egg-watcher:application] watcher start success
2020-01-13 00:43:53,540 INFO 4296 [egg:core] dump config after ready, 5ms
2020-01-13 00:44:43,736 INFO 12308 [egg:logger] init all loggers with options: {"dir":"C:\\Users\\Admin\\Desktop\\plFurniture\\fur-admin\\logs\\fur-admin","encoding":"utf8","env":"local","level":"INFO","consoleLevel":"INFO","disableConsoleAfterReady":false,"outputJSON":false,"buffer":true,"appLogName":"fur-admin-web.log","coreLogName":"egg-web.log","agentLogName":"egg-agent.log","errorLogName":"common-error.log","coreLogger":{"consoleLevel":"WARN"},"allowDebugAtProd":false,"type":"application"}
2020-01-13 00:44:43,761 INFO 12308 [egg-multipart] stream mode enable
2020-01-13 00:44:44,126 INFO 12308 [egg-static] starting static serve /public/ -> C:\Users\Admin\Desktop\plFurniture\fur-admin\app\public
2020-01-13 00:44:44,128 INFO 12308 [egg-security] use methodnoallow middleware
2020-01-13 00:44:44,129 INFO 12308 [egg-security] use noopen middleware
2020-01-13 00:44:44,130 INFO 12308 [egg-security] use nosniff middleware
2020-01-13 00:44:44,130 INFO 12308 [egg-security] use xssProtection middleware
2020-01-13 00:44:44,131 INFO 12308 [egg-security] use xframe middleware
2020-01-13 00:44:44,131 INFO 12308 [egg-security] use dta middleware
2020-01-13 00:44:44,131 INFO 12308 [egg-security] compose 6 middlewares into one security middleware
2020-01-13 00:44:44,146 INFO 12308 [egg:core] dump config after load, 4ms
2020-01-13 00:44:44,178 INFO 12308 [egg-watcher:application] watcher start success
2020-01-13 00:44:44,674 INFO 12308 [egg:core] dump config after ready, 5ms
2020-01-13 00:45:44,426 INFO 564 [egg:logger] init all loggers with options: {"dir":"C:\\Users\\Admin\\Desktop\\plFurniture\\fur-admin\\logs\\fur-admin","encoding":"utf8","env":"local","level":"INFO","consoleLevel":"INFO","disableConsoleAfterReady":false,"outputJSON":false,"buffer":true,"appLogName":"fur-admin-web.log","coreLogName":"egg-web.log","agentLogName":"egg-agent.log","errorLogName":"common-error.log","coreLogger":{"consoleLevel":"WARN"},"allowDebugAtProd":false,"type":"application"}
2020-01-13 00:45:44,451 INFO 564 [egg-multipart] stream mode enable
2020-01-13 00:45:44,813 INFO 564 [egg-static] starting static serve /public/ -> C:\Users\Admin\Desktop\plFurniture\fur-admin\app\public
2020-01-13 00:45:44,815 INFO 564 [egg-security] use methodnoallow middleware
2020-01-13 00:45:44,815 INFO 564 [egg-security] use noopen middleware
2020-01-13 00:45:44,816 INFO 564 [egg-security] use nosniff middleware
2020-01-13 00:45:44,816 INFO 564 [egg-security] use xssProtection middleware
2020-01-13 00:45:44,817 INFO 564 [egg-security] use xframe middleware
2020-01-13 00:45:44,817 INFO 564 [egg-security] use dta middleware
2020-01-13 00:45:44,817 INFO 564 [egg-security] compose 6 middlewares into one security middleware
2020-01-13 00:45:44,832 INFO 564 [egg:core] dump config after load, 4ms
2020-01-13 00:45:44,864 INFO 564 [egg-watcher:application] watcher start success
2020-01-13 00:45:45,358 INFO 564 [egg:core] dump config after ready, 5ms
2020-01-13 00:46:11,126 INFO 14900 [egg:logger] init all loggers with options: {"dir":"C:\\Users\\Admin\\Desktop\\plFurniture\\fur-admin\\logs\\fur-admin","encoding":"utf8","env":"local","level":"INFO","consoleLevel":"INFO","disableConsoleAfterReady":false,"outputJSON":false,"buffer":true,"appLogName":"fur-admin-web.log","coreLogName":"egg-web.log","agentLogName":"egg-agent.log","errorLogName":"common-error.log","coreLogger":{"consoleLevel":"WARN"},"allowDebugAtProd":false,"type":"application"}
2020-01-13 00:46:11,150 INFO 14900 [egg-multipart] stream mode enable
2020-01-13 00:46:11,513 INFO 14900 [egg-static] starting static serve /public/ -> C:\Users\Admin\Desktop\plFurniture\fur-admin\app\public
2020-01-13 00:46:11,514 INFO 14900 [egg-security] use methodnoallow middleware
2020-01-13 00:46:11,515 INFO 14900 [egg-security] use noopen middleware
2020-01-13 00:46:11,516 INFO 14900 [egg-security] use nosniff middleware
2020-01-13 00:46:11,516 INFO 14900 [egg-security] use xssProtection middleware
2020-01-13 00:46:11,517 INFO 14900 [egg-security] use xframe middleware
2020-01-13 00:46:11,517 INFO 14900 [egg-security] use dta middleware
2020-01-13 00:46:11,517 INFO 14900 [egg-security] compose 6 middlewares into one security middleware
2020-01-13 00:46:11,532 INFO 14900 [egg:core] dump config after load, 4ms
2020-01-13 00:46:11,563 INFO 14900 [egg-watcher:application] watcher start success
2020-01-13 00:46:12,053 INFO 14900 [egg:core] dump config after ready, 5ms
2020-01-13 00:46:57,708 ERROR 14900 nodejs.TypeError: Cannot read property 'emit' of undefined
    at C:\Users\Admin\Desktop\plFurniture\fur-admin\app\io\controller\chat.js:159:44
    at Array.map (<anonymous>)
    at C:\Users\Admin\Desktop\plFurniture\fur-admin\app\io\controller\chat.js:158:27

pid: 14900
hostname: PS2019NMKIZIZR

2020-01-13 00:47:19,291 INFO 2632 [egg:logger] init all loggers with options: {"dir":"C:\\Users\\Admin\\Desktop\\plFurniture\\fur-admin\\logs\\fur-admin","encoding":"utf8","env":"local","level":"INFO","consoleLevel":"INFO","disableConsoleAfterReady":false,"outputJSON":false,"buffer":true,"appLogName":"fur-admin-web.log","coreLogName":"egg-web.log","agentLogName":"egg-agent.log","errorLogName":"common-error.log","coreLogger":{"consoleLevel":"WARN"},"allowDebugAtProd":false,"type":"application"}
2020-01-13 00:47:19,316 INFO 2632 [egg-multipart] stream mode enable
2020-01-13 00:47:19,687 INFO 2632 [egg-static] starting static serve /public/ -> C:\Users\Admin\Desktop\plFurniture\fur-admin\app\public
2020-01-13 00:47:19,689 INFO 2632 [egg-security] use methodnoallow middleware
2020-01-13 00:47:19,690 INFO 2632 [egg-security] use noopen middleware
2020-01-13 00:47:19,690 INFO 2632 [egg-security] use nosniff middleware
2020-01-13 00:47:19,691 INFO 2632 [egg-security] use xssProtection middleware
2020-01-13 00:47:19,691 INFO 2632 [egg-security] use xframe middleware
2020-01-13 00:47:19,692 INFO 2632 [egg-security] use dta middleware
2020-01-13 00:47:19,692 INFO 2632 [egg-security] compose 6 middlewares into one security middleware
2020-01-13 00:47:19,707 INFO 2632 [egg:core] dump config after load, 4ms
2020-01-13 00:47:19,738 INFO 2632 [egg-watcher:application] watcher start success
2020-01-13 00:47:20,233 INFO 2632 [egg:core] dump config after ready, 4ms
2020-01-13 00:47:50,588 ERROR 2632 nodejs.TypeError: Cannot read property 'emit' of undefined
    at C:\Users\Admin\Desktop\plFurniture\fur-admin\app\io\controller\chat.js:158:44
    at Array.map (<anonymous>)
    at C:\Users\Admin\Desktop\plFurniture\fur-admin\app\io\controller\chat.js:157:27

pid: 2632
hostname: PS2019NMKIZIZR

