2020-02-03 00:00:44,198 INFO 1636 [egg-schedule]: register schedule C:\Users\Administrator\Desktop\project\fur-admin\fur-admin\node_modules\egg-multipart\app\schedule\clean_tmpdir.js
2020-02-03 00:00:44,198 INFO 1636 [egg-schedule]: register schedule C:\Users\Administrator\Desktop\project\fur-admin\fur-admin\node_modules\egg-logrotator\app\schedule\clean_log.js
2020-02-03 00:00:44,198 INFO 1636 [egg-schedule]: register schedule C:\Users\Administrator\Desktop\project\fur-admin\fur-admin\node_modules\egg-logrotator\app\schedule\rotate_by_file.js
2020-02-03 18:42:17,638 INFO 18800 [egg-schedule]: register schedule C:\Users\Administrator\Desktop\project\fur-admin\fur-admin\node_modules\egg-multipart\app\schedule\clean_tmpdir.js
2020-02-03 18:42:17,638 INFO 18800 [egg-schedule]: register schedule C:\Users\Administrator\Desktop\project\fur-admin\fur-admin\node_modules\egg-logrotator\app\schedule\clean_log.js
2020-02-03 18:42:17,638 INFO 18800 [egg-schedule]: register schedule C:\Users\Administrator\Desktop\project\fur-admin\fur-admin\node_modules\egg-logrotator\app\schedule\rotate_by_file.js
2020-02-03 18:42:19,890 INFO 16644 [Timer] C:\Users\Administrator\Desktop\project\fur-admin\fur-admin\node_modules\egg-multipart\app\schedule\clean_tmpdir.js next time will execute after 35260113ms at 2020-02-04 04:30:00.003
2020-02-03 18:42:19,891 INFO 16644 [Timer] C:\Users\Administrator\Desktop\project\fur-admin\fur-admin\node_modules\egg-logrotator\app\schedule\clean_log.js next time will execute after 19060110ms at 2020-02-04 00:00:00.001
2020-02-03 18:42:19,891 INFO 16644 [Timer] C:\Users\Administrator\Desktop\project\fur-admin\fur-admin\node_modules\egg-logrotator\app\schedule\rotate_by_file.js next time will execute after 19061109ms at 2020-02-04 00:00:01.000
2020-02-03 19:05:54,059 INFO 3368 [egg-schedule]: register schedule C:\Users\Administrator\Desktop\project\fur-admin\fur-admin\node_modules\egg-multipart\app\schedule\clean_tmpdir.js
2020-02-03 19:05:54,059 INFO 3368 [egg-schedule]: register schedule C:\Users\Administrator\Desktop\project\fur-admin\fur-admin\node_modules\egg-logrotator\app\schedule\clean_log.js
2020-02-03 19:05:54,059 INFO 3368 [egg-schedule]: register schedule C:\Users\Administrator\Desktop\project\fur-admin\fur-admin\node_modules\egg-logrotator\app\schedule\rotate_by_file.js
2020-02-03 19:11:51,131 INFO 18312 [egg-schedule]: register schedule C:\Users\Administrator\Desktop\project\fur-admin\fur-admin\node_modules\egg-multipart\app\schedule\clean_tmpdir.js
2020-02-03 19:11:51,131 INFO 18312 [egg-schedule]: register schedule C:\Users\Administrator\Desktop\project\fur-admin\fur-admin\node_modules\egg-logrotator\app\schedule\clean_log.js
2020-02-03 19:11:51,131 INFO 18312 [egg-schedule]: register schedule C:\Users\Administrator\Desktop\project\fur-admin\fur-admin\node_modules\egg-logrotator\app\schedule\rotate_by_file.js
2020-02-03 19:16:46,832 INFO 14040 [egg-schedule]: register schedule C:\Users\Administrator\Desktop\project\fur-admin\fur-admin\node_modules\egg-multipart\app\schedule\clean_tmpdir.js
2020-02-03 19:16:46,832 INFO 14040 [egg-schedule]: register schedule C:\Users\Administrator\Desktop\project\fur-admin\fur-admin\node_modules\egg-logrotator\app\schedule\clean_log.js
2020-02-03 19:16:46,832 INFO 14040 [egg-schedule]: register schedule C:\Users\Administrator\Desktop\project\fur-admin\fur-admin\node_modules\egg-logrotator\app\schedule\rotate_by_file.js
2020-02-03 20:13:38,969 INFO 7284 [egg-schedule]: register schedule C:\Users\Administrator\Desktop\project\fur-admin\fur-admin\node_modules\egg-multipart\app\schedule\clean_tmpdir.js
2020-02-03 20:13:38,969 INFO 7284 [egg-schedule]: register schedule C:\Users\Administrator\Desktop\project\fur-admin\fur-admin\node_modules\egg-logrotator\app\schedule\clean_log.js
2020-02-03 20:13:38,969 INFO 7284 [egg-schedule]: register schedule C:\Users\Administrator\Desktop\project\fur-admin\fur-admin\node_modules\egg-logrotator\app\schedule\rotate_by_file.js
2020-02-03 20:23:14,885 INFO 12624 [egg-schedule]: register schedule C:\Users\Administrator\Desktop\project\fur-admin\fur-admin\node_modules\egg-multipart\app\schedule\clean_tmpdir.js
2020-02-03 20:23:14,885 INFO 12624 [egg-schedule]: register schedule C:\Users\Administrator\Desktop\project\fur-admin\fur-admin\node_modules\egg-logrotator\app\schedule\clean_log.js
2020-02-03 20:23:14,885 INFO 12624 [egg-schedule]: register schedule C:\Users\Administrator\Desktop\project\fur-admin\fur-admin\node_modules\egg-logrotator\app\schedule\rotate_by_file.js
2020-02-03 20:25:32,870 INFO 4968 [egg-schedule]: register schedule C:\Users\Administrator\Desktop\project\fur-admin\fur-admin\node_modules\egg-multipart\app\schedule\clean_tmpdir.js
2020-02-03 20:25:32,870 INFO 4968 [egg-schedule]: register schedule C:\Users\Administrator\Desktop\project\fur-admin\fur-admin\node_modules\egg-logrotator\app\schedule\clean_log.js
2020-02-03 20:25:32,870 INFO 4968 [egg-schedule]: register schedule C:\Users\Administrator\Desktop\project\fur-admin\fur-admin\node_modules\egg-logrotator\app\schedule\rotate_by_file.js
