2020-01-03 00:01:54,307 INFO 10756 [egg-sequelize](0ms) Executed (default): SELECT `id`, `user_id`, `friend_id`, `friend_name` FROM `friend_list` AS `friend_list` WHERE `friend_list`.`user_id` = 1;
2020-01-03 00:01:54,316 INFO 10756 [egg-sequelize](0ms) Executed (default): SELECT `id`, `user_id`, `friend_id`, `user_name`, `content`, `is_mine`, `date_time` FROM `messages` AS `messages` WHERE `messages`.`user_id` = 1 AND `messages`.`friend_id` = 2;
2020-01-03 00:01:54,319 INFO 10756 [egg-sequelize](0ms) Executed (default): SELECT `id`, `user_id`, `friend_id`, `user_name`, `content`, `is_mine`, `date_time` FROM `messages` AS `messages` WHERE `messages`.`user_id` = 2 AND `messages`.`friend_id` = 1;
2020-01-03 00:01:54,324 INFO 10756 [egg-sequelize](1ms) Executed (default): SELECT `id`, `user_id`, `friend_id`, `user_name`, `content`, `is_mine`, `date_time` FROM `messages` AS `messages` WHERE `messages`.`user_id` = 1 AND `messages`.`friend_id` = 2;
2020-01-03 00:01:54,327 INFO 10756 [egg-sequelize](1ms) Executed (default): SELECT `id`, `user_id`, `friend_id`, `user_name`, `content`, `is_mine`, `date_time` FROM `messages` AS `messages` WHERE `messages`.`user_id` = 2 AND `messages`.`friend_id` = 1;
2020-01-03 00:11:50,576 INFO 10756 [egg-sequelize](0ms) Executed (default): SELECT `id`, `username`, `password`, `identity`, `e_mail`, `mobile` FROM `users` AS `users` WHERE (`users`.`username` = 'admin' OR `users`.`mobile` = 'admin' OR `users`.`e_mail` = 'admin') LIMIT 1;
2020-01-03 00:11:57,871 INFO 10756 [egg-sequelize](0ms) Executed (default): SELECT `id`, `user_id`, `friend_id`, `friend_name` FROM `friend_list` AS `friend_list` WHERE `friend_list`.`user_id` = 1;
2020-01-03 00:11:57,883 INFO 10756 [egg-sequelize](1ms) Executed (default): SELECT `id`, `user_id`, `friend_id`, `user_name`, `content`, `is_mine`, `date_time` FROM `messages` AS `messages` WHERE `messages`.`user_id` = 1 AND `messages`.`friend_id` = 2;
2020-01-03 00:11:57,886 INFO 10756 [egg-sequelize](1ms) Executed (default): SELECT `id`, `user_id`, `friend_id`, `user_name`, `content`, `is_mine`, `date_time` FROM `messages` AS `messages` WHERE `messages`.`user_id` = 2 AND `messages`.`friend_id` = 1;
2020-01-03 00:11:57,890 INFO 10756 [egg-sequelize](1ms) Executed (default): SELECT `id`, `user_id`, `friend_id`, `user_name`, `content`, `is_mine`, `date_time` FROM `messages` AS `messages` WHERE `messages`.`user_id` = 1 AND `messages`.`friend_id` = 2;
2020-01-03 00:11:57,894 INFO 10756 [egg-sequelize](1ms) Executed (default): SELECT `id`, `user_id`, `friend_id`, `user_name`, `content`, `is_mine`, `date_time` FROM `messages` AS `messages` WHERE `messages`.`user_id` = 2 AND `messages`.`friend_id` = 1;
2020-01-03 00:15:51,135 INFO 10756 [egg-sequelize](1ms) Executed (default): SELECT `id`, `user_id`, `friend_id`, `friend_name` FROM `friend_list` AS `friend_list` WHERE `friend_list`.`user_id` = 1;
2020-01-03 00:15:51,948 INFO 10756 [egg-sequelize](1ms) Executed (default): SELECT `id`, `user_id`, `friend_id`, `user_name`, `content`, `is_mine`, `date_time` FROM `messages` AS `messages` WHERE `messages`.`user_id` = 1 AND `messages`.`friend_id` = 2;
2020-01-03 00:15:51,959 INFO 10756 [egg-sequelize](4ms) Executed (default): SELECT `id`, `user_id`, `friend_id`, `user_name`, `content`, `is_mine`, `date_time` FROM `messages` AS `messages` WHERE `messages`.`user_id` = 1 AND `messages`.`friend_id` = 2;
2020-01-03 00:15:51,964 INFO 10756 [egg-sequelize](3ms) Executed (default): SELECT `id`, `user_id`, `friend_id`, `user_name`, `content`, `is_mine`, `date_time` FROM `messages` AS `messages` WHERE `messages`.`user_id` = 2 AND `messages`.`friend_id` = 1;
2020-01-03 00:15:51,972 INFO 10756 [egg-sequelize](3ms) Executed (default): SELECT `id`, `user_id`, `friend_id`, `user_name`, `content`, `is_mine`, `date_time` FROM `messages` AS `messages` WHERE `messages`.`user_id` = 2 AND `messages`.`friend_id` = 1;
2020-01-03 00:17:10,247 INFO 10756 [egg-sequelize](1ms) Executed (default): SELECT `id`, `user_id`, `friend_id`, `friend_name` FROM `friend_list` AS `friend_list` WHERE `friend_list`.`user_id` = 1;
2020-01-03 00:17:10,257 INFO 10756 [egg-sequelize](1ms) Executed (default): SELECT `id`, `user_id`, `friend_id`, `user_name`, `content`, `is_mine`, `date_time` FROM `messages` AS `messages` WHERE `messages`.`user_id` = 1 AND `messages`.`friend_id` = 2;
2020-01-03 00:17:10,260 INFO 10756 [egg-sequelize](1ms) Executed (default): SELECT `id`, `user_id`, `friend_id`, `user_name`, `content`, `is_mine`, `date_time` FROM `messages` AS `messages` WHERE `messages`.`user_id` = 2 AND `messages`.`friend_id` = 1;
2020-01-03 00:17:10,264 INFO 10756 [egg-sequelize](1ms) Executed (default): SELECT `id`, `user_id`, `friend_id`, `user_name`, `content`, `is_mine`, `date_time` FROM `messages` AS `messages` WHERE `messages`.`user_id` = 1 AND `messages`.`friend_id` = 2;
2020-01-03 00:17:10,267 INFO 10756 [egg-sequelize](1ms) Executed (default): SELECT `id`, `user_id`, `friend_id`, `user_name`, `content`, `is_mine`, `date_time` FROM `messages` AS `messages` WHERE `messages`.`user_id` = 2 AND `messages`.`friend_id` = 1;
2020-01-03 00:20:16,340 INFO 10756 [egg-sequelize](1ms) Executed (default): SELECT `id`, `user_id`, `friend_id`, `friend_name` FROM `friend_list` AS `friend_list` WHERE `friend_list`.`user_id` = 1;
2020-01-03 00:20:16,358 INFO 10756 [egg-sequelize](0ms) Executed (default): SELECT `id`, `user_id`, `friend_id`, `user_name`, `content`, `is_mine`, `date_time` FROM `messages` AS `messages` WHERE `messages`.`user_id` = 1 AND `messages`.`friend_id` = 2;
2020-01-03 00:20:16,361 INFO 10756 [egg-sequelize](0ms) Executed (default): SELECT `id`, `user_id`, `friend_id`, `user_name`, `content`, `is_mine`, `date_time` FROM `messages` AS `messages` WHERE `messages`.`user_id` = 2 AND `messages`.`friend_id` = 1;
2020-01-03 00:20:16,366 INFO 10756 [egg-sequelize](1ms) Executed (default): SELECT `id`, `user_id`, `friend_id`, `user_name`, `content`, `is_mine`, `date_time` FROM `messages` AS `messages` WHERE `messages`.`user_id` = 1 AND `messages`.`friend_id` = 2;
2020-01-03 00:20:16,370 INFO 10756 [egg-sequelize](1ms) Executed (default): SELECT `id`, `user_id`, `friend_id`, `user_name`, `content`, `is_mine`, `date_time` FROM `messages` AS `messages` WHERE `messages`.`user_id` = 2 AND `messages`.`friend_id` = 1;
2020-01-03 00:23:11,723 INFO 10756 [egg-sequelize](0ms) Executed (default): SELECT `id`, `user_id`, `friend_id`, `friend_name` FROM `friend_list` AS `friend_list` WHERE `friend_list`.`user_id` = 1;
2020-01-03 00:23:11,733 INFO 10756 [egg-sequelize](1ms) Executed (default): SELECT `id`, `user_id`, `friend_id`, `user_name`, `content`, `is_mine`, `date_time` FROM `messages` AS `messages` WHERE `messages`.`user_id` = 1 AND `messages`.`friend_id` = 2;
2020-01-03 00:23:11,739 INFO 10756 [egg-sequelize](1ms) Executed (default): SELECT `id`, `user_id`, `friend_id`, `user_name`, `content`, `is_mine`, `date_time` FROM `messages` AS `messages` WHERE `messages`.`user_id` = 2 AND `messages`.`friend_id` = 1;
2020-01-03 00:23:11,760 INFO 10756 [egg-sequelize](0ms) Executed (default): SELECT `id`, `user_id`, `friend_id`, `user_name`, `content`, `is_mine`, `date_time` FROM `messages` AS `messages` WHERE `messages`.`user_id` = 1 AND `messages`.`friend_id` = 2;
2020-01-03 00:23:11,764 INFO 10756 [egg-sequelize](1ms) Executed (default): SELECT `id`, `user_id`, `friend_id`, `user_name`, `content`, `is_mine`, `date_time` FROM `messages` AS `messages` WHERE `messages`.`user_id` = 2 AND `messages`.`friend_id` = 1;
2020-01-03 00:24:19,868 INFO 10756 [egg-sequelize](1ms) Executed (default): SELECT `id`, `user_id`, `friend_id`, `friend_name` FROM `friend_list` AS `friend_list` WHERE `friend_list`.`user_id` = 1;
2020-01-03 00:24:19,881 INFO 10756 [egg-sequelize](1ms) Executed (default): SELECT `id`, `user_id`, `friend_id`, `user_name`, `content`, `is_mine`, `date_time` FROM `messages` AS `messages` WHERE `messages`.`user_id` = 1 AND `messages`.`friend_id` = 2;
2020-01-03 00:24:19,887 INFO 10756 [egg-sequelize](1ms) Executed (default): SELECT `id`, `user_id`, `friend_id`, `user_name`, `content`, `is_mine`, `date_time` FROM `messages` AS `messages` WHERE `messages`.`user_id` = 2 AND `messages`.`friend_id` = 1;
2020-01-03 00:24:19,896 INFO 10756 [egg-sequelize](0ms) Executed (default): SELECT `id`, `user_id`, `friend_id`, `user_name`, `content`, `is_mine`, `date_time` FROM `messages` AS `messages` WHERE `messages`.`user_id` = 1 AND `messages`.`friend_id` = 2;
2020-01-03 00:24:19,900 INFO 10756 [egg-sequelize](1ms) Executed (default): SELECT `id`, `user_id`, `friend_id`, `user_name`, `content`, `is_mine`, `date_time` FROM `messages` AS `messages` WHERE `messages`.`user_id` = 2 AND `messages`.`friend_id` = 1;
2020-01-03 00:24:23,297 INFO 10756 [egg-sequelize](0ms) Executed (default): SELECT `id`, `user_id`, `friend_id`, `friend_name` FROM `friend_list` AS `friend_list` WHERE `friend_list`.`user_id` = 1;
2020-01-03 00:24:23,317 INFO 10756 [egg-sequelize](1ms) Executed (default): SELECT `id`, `user_id`, `friend_id`, `user_name`, `content`, `is_mine`, `date_time` FROM `messages` AS `messages` WHERE `messages`.`user_id` = 1 AND `messages`.`friend_id` = 2;
2020-01-03 00:24:23,320 INFO 10756 [egg-sequelize](1ms) Executed (default): SELECT `id`, `user_id`, `friend_id`, `user_name`, `content`, `is_mine`, `date_time` FROM `messages` AS `messages` WHERE `messages`.`user_id` = 2 AND `messages`.`friend_id` = 1;
2020-01-03 00:24:23,351 INFO 10756 [egg-sequelize](1ms) Executed (default): SELECT `id`, `user_id`, `friend_id`, `user_name`, `content`, `is_mine`, `date_time` FROM `messages` AS `messages` WHERE `messages`.`user_id` = 1 AND `messages`.`friend_id` = 2;
2020-01-03 00:24:23,354 INFO 10756 [egg-sequelize](0ms) Executed (default): SELECT `id`, `user_id`, `friend_id`, `user_name`, `content`, `is_mine`, `date_time` FROM `messages` AS `messages` WHERE `messages`.`user_id` = 2 AND `messages`.`friend_id` = 1;
2020-01-05 17:13:45,939 INFO 12328 [egg-sequelize](1ms) Executed (default): SELECT 1+1 AS result
2020-01-05 17:13:45,969 INFO 12328 [egg-sequelize](30ms) Executed (default): CREATE TABLE IF NOT EXISTS `category` (`id` INTEGER auto_increment , `category_name` VARCHAR(255) NOT NULL, `category_info` VARCHAR(255) NOT NULL DEFAULT '', `category_num` INTEGER DEFAULT 0, PRIMARY KEY (`id`)) ENGINE=InnoDB;
2020-01-05 17:13:45,981 INFO 12328 [egg-sequelize](9ms) Executed (default): SHOW FULL COLUMNS FROM `category`;
2020-01-05 17:13:45,982 INFO 12328 [egg-sequelize](10ms) Executed (default): SELECT CONSTRAINT_NAME as constraint_name,CONSTRAINT_NAME as constraintName,CONSTRAINT_SCHEMA as constraintSchema,CONSTRAINT_SCHEMA as constraintCatalog,TABLE_NAME as tableName,TABLE_SCHEMA as tableSchema,TABLE_SCHEMA as tableCatalog,COLUMN_NAME as columnName,REFERENCED_TABLE_SCHEMA as referencedTableSchema,REFERENCED_TABLE_SCHEMA as referencedTableCatalog,REFERENCED_TABLE_NAME as referencedTableName,REFERENCED_COLUMN_NAME as referencedColumnName FROM INFORMATION_SCHEMA.KEY_COLUMN_USAGE where TABLE_NAME = 'category' AND CONSTRAINT_NAME!='PRIMARY' AND CONSTRAINT_SCHEMA='panelfur' AND REFERENCED_TABLE_NAME IS NOT NULL;
2020-01-05 17:13:45,990 INFO 12328 [egg-sequelize](6ms) Executed (default): ALTER TABLE `category` CHANGE `category_name` `category_name` VARCHAR(255) NOT NULL;
2020-01-05 17:13:45,995 INFO 12328 [egg-sequelize](3ms) Executed (default): ALTER TABLE `category` CHANGE `category_info` `category_info` VARCHAR(255) NOT NULL DEFAULT '';
2020-01-05 17:13:46,001 INFO 12328 [egg-sequelize](3ms) Executed (default): ALTER TABLE `category` CHANGE `category_num` `category_num` INTEGER DEFAULT 0;
2020-01-05 17:13:46,004 INFO 12328 [egg-sequelize](2ms) Executed (default): SHOW INDEX FROM `category` FROM `panelfur`
2020-01-05 17:13:46,009 INFO 12328 [egg-sequelize](3ms) Executed (default): CREATE TABLE IF NOT EXISTS `friend_list` (`id` INTEGER auto_increment , `user_id` INTEGER NOT NULL, `friend_id` INTEGER NOT NULL, `friend_name` VARCHAR(255) NOT NULL, PRIMARY KEY (`id`)) ENGINE=InnoDB;
2020-01-05 17:13:46,012 INFO 12328 [egg-sequelize](1ms) Executed (default): SHOW FULL COLUMNS FROM `friend_list`;
2020-01-05 17:13:46,013 INFO 12328 [egg-sequelize](2ms) Executed (default): SELECT CONSTRAINT_NAME as constraint_name,CONSTRAINT_NAME as constraintName,CONSTRAINT_SCHEMA as constraintSchema,CONSTRAINT_SCHEMA as constraintCatalog,TABLE_NAME as tableName,TABLE_SCHEMA as tableSchema,TABLE_SCHEMA as tableCatalog,COLUMN_NAME as columnName,REFERENCED_TABLE_SCHEMA as referencedTableSchema,REFERENCED_TABLE_SCHEMA as referencedTableCatalog,REFERENCED_TABLE_NAME as referencedTableName,REFERENCED_COLUMN_NAME as referencedColumnName FROM INFORMATION_SCHEMA.KEY_COLUMN_USAGE where TABLE_NAME = 'friend_list' AND CONSTRAINT_NAME!='PRIMARY' AND CONSTRAINT_SCHEMA='panelfur' AND REFERENCED_TABLE_NAME IS NOT NULL;
2020-01-05 17:13:46,018 INFO 12328 [egg-sequelize](3ms) Executed (default): ALTER TABLE `friend_list` CHANGE `user_id` `user_id` INTEGER NOT NULL;
2020-01-05 17:13:46,023 INFO 12328 [egg-sequelize](3ms) Executed (default): ALTER TABLE `friend_list` CHANGE `friend_id` `friend_id` INTEGER NOT NULL;
2020-01-05 17:13:46,028 INFO 12328 [egg-sequelize](3ms) Executed (default): ALTER TABLE `friend_list` CHANGE `friend_name` `friend_name` VARCHAR(255) NOT NULL;
2020-01-05 17:13:46,032 INFO 12328 [egg-sequelize](0ms) Executed (default): SHOW INDEX FROM `friend_list` FROM `panelfur`
2020-01-05 17:13:46,037 INFO 12328 [egg-sequelize](3ms) Executed (default): CREATE TABLE IF NOT EXISTS `goods` (`id` INTEGER auto_increment , `goods_name` VARCHAR(255) NOT NULL, `goods_material` VARCHAR(255) NOT NULL, `goods_info` VARCHAR(255) NOT NULL, `goods_image` VARCHAR(255) NOT NULL, `goods_price` DOUBLE PRECISION NOT NULL, `goods_num` DOUBLE PRECISION DEFAULT 0, PRIMARY KEY (`id`)) ENGINE=InnoDB;
2020-01-05 17:13:46,040 INFO 12328 [egg-sequelize](1ms) Executed (default): SHOW FULL COLUMNS FROM `goods`;
2020-01-05 17:13:46,042 INFO 12328 [egg-sequelize](2ms) Executed (default): SELECT CONSTRAINT_NAME as constraint_name,CONSTRAINT_NAME as constraintName,CONSTRAINT_SCHEMA as constraintSchema,CONSTRAINT_SCHEMA as constraintCatalog,TABLE_NAME as tableName,TABLE_SCHEMA as tableSchema,TABLE_SCHEMA as tableCatalog,COLUMN_NAME as columnName,REFERENCED_TABLE_SCHEMA as referencedTableSchema,REFERENCED_TABLE_SCHEMA as referencedTableCatalog,REFERENCED_TABLE_NAME as referencedTableName,REFERENCED_COLUMN_NAME as referencedColumnName FROM INFORMATION_SCHEMA.KEY_COLUMN_USAGE where TABLE_NAME = 'goods' AND CONSTRAINT_NAME!='PRIMARY' AND CONSTRAINT_SCHEMA='panelfur' AND REFERENCED_TABLE_NAME IS NOT NULL;
2020-01-05 17:13:46,048 INFO 12328 [egg-sequelize](4ms) Executed (default): ALTER TABLE `goods` CHANGE `goods_name` `goods_name` VARCHAR(255) NOT NULL;
2020-01-05 17:13:46,054 INFO 12328 [egg-sequelize](4ms) Executed (default): ALTER TABLE `goods` CHANGE `goods_material` `goods_material` VARCHAR(255) NOT NULL;
2020-01-05 17:13:46,059 INFO 12328 [egg-sequelize](3ms) Executed (default): ALTER TABLE `goods` CHANGE `goods_info` `goods_info` VARCHAR(255) NOT NULL;
2020-01-05 17:13:46,065 INFO 12328 [egg-sequelize](4ms) Executed (default): ALTER TABLE `goods` CHANGE `goods_image` `goods_image` VARCHAR(255) NOT NULL;
2020-01-05 17:13:46,070 INFO 12328 [egg-sequelize](4ms) Executed (default): ALTER TABLE `goods` CHANGE `goods_price` `goods_price` DOUBLE PRECISION NOT NULL;
2020-01-05 17:13:46,075 INFO 12328 [egg-sequelize](4ms) Executed (default): ALTER TABLE `goods` CHANGE `goods_num` `goods_num` DOUBLE PRECISION DEFAULT 0;
2020-01-05 17:13:46,077 INFO 12328 [egg-sequelize](1ms) Executed (default): SHOW INDEX FROM `goods` FROM `panelfur`
2020-01-05 17:13:46,082 INFO 12328 [egg-sequelize](3ms) Executed (default): CREATE TABLE IF NOT EXISTS `list` (`id` INTEGER auto_increment , `category_id` INTEGER NOT NULL, `list_name` VARCHAR(255) NOT NULL, `list_num` VARCHAR(255) DEFAULT 0, `list_info` VARCHAR(255) NOT NULL, `list_price` DOUBLE PRECISION NOT NULL, PRIMARY KEY (`id`), FOREIGN KEY (`category_id`) REFERENCES `category` (`id`) ON DELETE CASCADE ON UPDATE CASCADE) ENGINE=InnoDB;
2020-01-05 17:13:46,085 INFO 12328 [egg-sequelize](0ms) Executed (default): SHOW FULL COLUMNS FROM `list`;
2020-01-05 17:13:46,088 INFO 12328 [egg-sequelize](3ms) Executed (default): SELECT CONSTRAINT_NAME as constraint_name,CONSTRAINT_NAME as constraintName,CONSTRAINT_SCHEMA as constraintSchema,CONSTRAINT_SCHEMA as constraintCatalog,TABLE_NAME as tableName,TABLE_SCHEMA as tableSchema,TABLE_SCHEMA as tableCatalog,COLUMN_NAME as columnName,REFERENCED_TABLE_SCHEMA as referencedTableSchema,REFERENCED_TABLE_SCHEMA as referencedTableCatalog,REFERENCED_TABLE_NAME as referencedTableName,REFERENCED_COLUMN_NAME as referencedColumnName FROM INFORMATION_SCHEMA.KEY_COLUMN_USAGE where TABLE_NAME = 'list' AND CONSTRAINT_NAME!='PRIMARY' AND CONSTRAINT_SCHEMA='panelfur' AND REFERENCED_TABLE_NAME IS NOT NULL;
2020-01-05 17:13:46,091 INFO 12328 [egg-sequelize](1ms) Executed (default): SELECT CONSTRAINT_CATALOG AS constraintCatalog, CONSTRAINT_NAME AS constraintName, CONSTRAINT_SCHEMA AS constraintSchema, CONSTRAINT_TYPE AS constraintType, TABLE_NAME AS tableName, TABLE_SCHEMA AS tableSchema from INFORMATION_SCHEMA.TABLE_CONSTRAINTS WHERE table_name='list' AND constraint_name = 'list_ibfk_1' AND TABLE_SCHEMA = 'panelfur';
2020-01-05 17:13:46,101 INFO 12328 [egg-sequelize](7ms) Executed (default): ALTER TABLE `list`
      DROP FOREIGN KEY `list_ibfk_1`;
2020-01-05 17:13:46,141 INFO 12328 [egg-sequelize](38ms) Executed (default): ALTER TABLE `list` ADD FOREIGN KEY (`category_id`) REFERENCES `category` (`id`) ON DELETE CASCADE ON UPDATE CASCADE;
2020-01-05 17:13:46,148 INFO 12328 [egg-sequelize](5ms) Executed (default): ALTER TABLE `list` CHANGE `list_name` `list_name` VARCHAR(255) NOT NULL;
2020-01-05 17:13:46,153 INFO 12328 [egg-sequelize](4ms) Executed (default): ALTER TABLE `list` CHANGE `list_num` `list_num` VARCHAR(255) DEFAULT 0;
2020-01-05 17:13:46,158 INFO 12328 [egg-sequelize](3ms) Executed (default): ALTER TABLE `list` CHANGE `list_info` `list_info` VARCHAR(255) NOT NULL;
2020-01-05 17:13:46,163 INFO 12328 [egg-sequelize](3ms) Executed (default): ALTER TABLE `list` CHANGE `list_price` `list_price` DOUBLE PRECISION NOT NULL;
2020-01-05 17:13:46,165 INFO 12328 [egg-sequelize](0ms) Executed (default): SHOW INDEX FROM `list` FROM `panelfur`
2020-01-05 17:13:46,170 INFO 12328 [egg-sequelize](3ms) Executed (default): CREATE TABLE IF NOT EXISTS `messages` (`id` INTEGER auto_increment , `user_id` INTEGER NOT NULL, `friend_id` INTEGER NOT NULL, `user_name` VARCHAR(255) NOT NULL, `content` VARCHAR(255) DEFAULT '', `is_mine` TINYINT(1) NOT NULL DEFAULT false, `date_time` VARCHAR(255) DEFAULT '2020-01-05 17:13', PRIMARY KEY (`id`)) ENGINE=InnoDB;
2020-01-05 17:13:46,173 INFO 12328 [egg-sequelize](1ms) Executed (default): SHOW FULL COLUMNS FROM `messages`;
2020-01-05 17:13:46,174 INFO 12328 [egg-sequelize](2ms) Executed (default): SELECT CONSTRAINT_NAME as constraint_name,CONSTRAINT_NAME as constraintName,CONSTRAINT_SCHEMA as constraintSchema,CONSTRAINT_SCHEMA as constraintCatalog,TABLE_NAME as tableName,TABLE_SCHEMA as tableSchema,TABLE_SCHEMA as tableCatalog,COLUMN_NAME as columnName,REFERENCED_TABLE_SCHEMA as referencedTableSchema,REFERENCED_TABLE_SCHEMA as referencedTableCatalog,REFERENCED_TABLE_NAME as referencedTableName,REFERENCED_COLUMN_NAME as referencedColumnName FROM INFORMATION_SCHEMA.KEY_COLUMN_USAGE where TABLE_NAME = 'messages' AND CONSTRAINT_NAME!='PRIMARY' AND CONSTRAINT_SCHEMA='panelfur' AND REFERENCED_TABLE_NAME IS NOT NULL;
2020-01-05 17:13:46,179 INFO 12328 [egg-sequelize](3ms) Executed (default): ALTER TABLE `messages` CHANGE `user_id` `user_id` INTEGER NOT NULL;
2020-01-05 17:13:46,184 INFO 12328 [egg-sequelize](3ms) Executed (default): ALTER TABLE `messages` CHANGE `friend_id` `friend_id` INTEGER NOT NULL;
2020-01-05 17:13:46,190 INFO 12328 [egg-sequelize](3ms) Executed (default): ALTER TABLE `messages` CHANGE `user_name` `user_name` VARCHAR(255) NOT NULL;
2020-01-05 17:13:46,194 INFO 12328 [egg-sequelize](3ms) Executed (default): ALTER TABLE `messages` CHANGE `content` `content` VARCHAR(255) DEFAULT '';
2020-01-05 17:13:46,199 INFO 12328 [egg-sequelize](3ms) Executed (default): ALTER TABLE `messages` CHANGE `is_mine` `is_mine` TINYINT(1) NOT NULL DEFAULT false;
2020-01-05 17:13:46,204 INFO 12328 [egg-sequelize](4ms) Executed (default): ALTER TABLE `messages` CHANGE `date_time` `date_time` VARCHAR(255) DEFAULT '2020-01-05 17:13';
2020-01-05 17:13:46,206 INFO 12328 [egg-sequelize](1ms) Executed (default): SHOW INDEX FROM `messages` FROM `panelfur`
2020-01-05 17:13:46,210 INFO 12328 [egg-sequelize](2ms) Executed (default): CREATE TABLE IF NOT EXISTS `users` (`id` INTEGER auto_increment , `username` VARCHAR(255) NOT NULL, `password` VARCHAR(255) NOT NULL, `identity` INTEGER DEFAULT 0, `e_mail` VARCHAR(255) NOT NULL, `mobile` VARCHAR(255) NOT NULL, PRIMARY KEY (`id`)) ENGINE=InnoDB;
2020-01-05 17:13:46,213 INFO 12328 [egg-sequelize](1ms) Executed (default): SHOW FULL COLUMNS FROM `users`;
2020-01-05 17:13:46,216 INFO 12328 [egg-sequelize](4ms) Executed (default): SELECT CONSTRAINT_NAME as constraint_name,CONSTRAINT_NAME as constraintName,CONSTRAINT_SCHEMA as constraintSchema,CONSTRAINT_SCHEMA as constraintCatalog,TABLE_NAME as tableName,TABLE_SCHEMA as tableSchema,TABLE_SCHEMA as tableCatalog,COLUMN_NAME as columnName,REFERENCED_TABLE_SCHEMA as referencedTableSchema,REFERENCED_TABLE_SCHEMA as referencedTableCatalog,REFERENCED_TABLE_NAME as referencedTableName,REFERENCED_COLUMN_NAME as referencedColumnName FROM INFORMATION_SCHEMA.KEY_COLUMN_USAGE where TABLE_NAME = 'users' AND CONSTRAINT_NAME!='PRIMARY' AND CONSTRAINT_SCHEMA='panelfur' AND REFERENCED_TABLE_NAME IS NOT NULL;
2020-01-05 17:13:46,222 INFO 12328 [egg-sequelize](4ms) Executed (default): ALTER TABLE `users` CHANGE `username` `username` VARCHAR(255) NOT NULL;
2020-01-05 17:13:46,227 INFO 12328 [egg-sequelize](4ms) Executed (default): ALTER TABLE `users` CHANGE `password` `password` VARCHAR(255) NOT NULL;
2020-01-05 17:13:46,232 INFO 12328 [egg-sequelize](4ms) Executed (default): ALTER TABLE `users` CHANGE `identity` `identity` INTEGER DEFAULT 0;
2020-01-05 17:13:46,237 INFO 12328 [egg-sequelize](4ms) Executed (default): ALTER TABLE `users` CHANGE `e_mail` `e_mail` VARCHAR(255) NOT NULL;
2020-01-05 17:13:46,241 INFO 12328 [egg-sequelize](3ms) Executed (default): ALTER TABLE `users` CHANGE `mobile` `mobile` VARCHAR(255) NOT NULL;
2020-01-05 17:13:46,243 INFO 12328 [egg-sequelize](0ms) Executed (default): SHOW INDEX FROM `users` FROM `panelfur`
2020-01-05 17:13:46,247 INFO 12328 [egg-sequelize](2ms) Executed (default): CREATE TABLE IF NOT EXISTS `orders` (`id` INTEGER auto_increment , `uid` INTEGER(10) NOT NULL, `order_name` VARCHAR(255) NOT NULL, `order_owner` VARCHAR(255) NOT NULL, `order_status` VARCHAR(255) NOT NULL, `owner_address` VARCHAR(255) NOT NULL, `order_time` DATETIME NOT NULL, `last_day` DATETIME NOT NULL, `order_num` INTEGER NOT NULL DEFAULT 0, `order_price` DOUBLE PRECISION NOT NULL, PRIMARY KEY (`id`), FOREIGN KEY (`uid`) REFERENCES `users` (`id`) ON DELETE NO ACTION ON UPDATE CASCADE) ENGINE=InnoDB;
2020-01-05 17:13:46,250 INFO 12328 [egg-sequelize](1ms) Executed (default): SHOW FULL COLUMNS FROM `orders`;
2020-01-05 17:13:46,252 INFO 12328 [egg-sequelize](3ms) Executed (default): SELECT CONSTRAINT_NAME as constraint_name,CONSTRAINT_NAME as constraintName,CONSTRAINT_SCHEMA as constraintSchema,CONSTRAINT_SCHEMA as constraintCatalog,TABLE_NAME as tableName,TABLE_SCHEMA as tableSchema,TABLE_SCHEMA as tableCatalog,COLUMN_NAME as columnName,REFERENCED_TABLE_SCHEMA as referencedTableSchema,REFERENCED_TABLE_SCHEMA as referencedTableCatalog,REFERENCED_TABLE_NAME as referencedTableName,REFERENCED_COLUMN_NAME as referencedColumnName FROM INFORMATION_SCHEMA.KEY_COLUMN_USAGE where TABLE_NAME = 'orders' AND CONSTRAINT_NAME!='PRIMARY' AND CONSTRAINT_SCHEMA='panelfur' AND REFERENCED_TABLE_NAME IS NOT NULL;
2020-01-05 17:13:46,254 INFO 12328 [egg-sequelize](1ms) Executed (default): SELECT CONSTRAINT_CATALOG AS constraintCatalog, CONSTRAINT_NAME AS constraintName, CONSTRAINT_SCHEMA AS constraintSchema, CONSTRAINT_TYPE AS constraintType, TABLE_NAME AS tableName, TABLE_SCHEMA AS tableSchema from INFORMATION_SCHEMA.TABLE_CONSTRAINTS WHERE table_name='orders' AND constraint_name = 'orders_ibfk_1' AND TABLE_SCHEMA = 'panelfur';
2020-01-05 17:13:46,261 INFO 12328 [egg-sequelize](6ms) Executed (default): ALTER TABLE `orders`
      DROP FOREIGN KEY `orders_ibfk_1`;
2020-01-05 17:13:46,292 INFO 12328 [egg-sequelize](30ms) Executed (default): ALTER TABLE `orders` ADD FOREIGN KEY (`uid`) REFERENCES `users` (`id`) ON DELETE NO ACTION ON UPDATE CASCADE;
2020-01-05 17:13:46,298 INFO 12328 [egg-sequelize](5ms) Executed (default): ALTER TABLE `orders` CHANGE `order_name` `order_name` VARCHAR(255) NOT NULL;
2020-01-05 17:13:46,303 INFO 12328 [egg-sequelize](4ms) Executed (default): ALTER TABLE `orders` CHANGE `order_owner` `order_owner` VARCHAR(255) NOT NULL;
2020-01-05 17:13:46,307 INFO 12328 [egg-sequelize](3ms) Executed (default): ALTER TABLE `orders` CHANGE `order_status` `order_status` VARCHAR(255) NOT NULL;
2020-01-05 17:13:46,312 INFO 12328 [egg-sequelize](3ms) Executed (default): ALTER TABLE `orders` CHANGE `owner_address` `owner_address` VARCHAR(255) NOT NULL;
2020-01-05 17:13:46,317 INFO 12328 [egg-sequelize](3ms) Executed (default): ALTER TABLE `orders` CHANGE `order_time` `order_time` DATETIME NOT NULL;
2020-01-05 17:13:46,322 INFO 12328 [egg-sequelize](3ms) Executed (default): ALTER TABLE `orders` CHANGE `last_day` `last_day` DATETIME NOT NULL;
2020-01-05 17:13:46,327 INFO 12328 [egg-sequelize](4ms) Executed (default): ALTER TABLE `orders` CHANGE `order_num` `order_num` INTEGER NOT NULL DEFAULT 0;
2020-01-05 17:13:46,332 INFO 12328 [egg-sequelize](4ms) Executed (default): ALTER TABLE `orders` CHANGE `order_price` `order_price` DOUBLE PRECISION NOT NULL;
2020-01-05 17:13:46,334 INFO 12328 [egg-sequelize](0ms) Executed (default): SHOW INDEX FROM `orders` FROM `panelfur`
2020-01-05 17:13:46,339 INFO 12328 [egg-sequelize](3ms) Executed (default): CREATE TABLE IF NOT EXISTS `spends` (`id` INTEGER auto_increment , `goods_id` INTEGER NOT NULL, `spend_name` VARCHAR(255) NOT NULL, `spend_num` INTEGER NOT NULL, PRIMARY KEY (`id`), FOREIGN KEY (`goods_id`) REFERENCES `goods` (`id`) ON DELETE CASCADE ON UPDATE CASCADE) ENGINE=InnoDB;
2020-01-05 17:13:46,341 INFO 12328 [egg-sequelize](1ms) Executed (default): SHOW FULL COLUMNS FROM `spends`;
2020-01-05 17:13:46,343 INFO 12328 [egg-sequelize](2ms) Executed (default): SELECT CONSTRAINT_NAME as constraint_name,CONSTRAINT_NAME as constraintName,CONSTRAINT_SCHEMA as constraintSchema,CONSTRAINT_SCHEMA as constraintCatalog,TABLE_NAME as tableName,TABLE_SCHEMA as tableSchema,TABLE_SCHEMA as tableCatalog,COLUMN_NAME as columnName,REFERENCED_TABLE_SCHEMA as referencedTableSchema,REFERENCED_TABLE_SCHEMA as referencedTableCatalog,REFERENCED_TABLE_NAME as referencedTableName,REFERENCED_COLUMN_NAME as referencedColumnName FROM INFORMATION_SCHEMA.KEY_COLUMN_USAGE where TABLE_NAME = 'spends' AND CONSTRAINT_NAME!='PRIMARY' AND CONSTRAINT_SCHEMA='panelfur' AND REFERENCED_TABLE_NAME IS NOT NULL;
2020-01-05 17:13:46,345 INFO 12328 [egg-sequelize](0ms) Executed (default): SELECT CONSTRAINT_CATALOG AS constraintCatalog, CONSTRAINT_NAME AS constraintName, CONSTRAINT_SCHEMA AS constraintSchema, CONSTRAINT_TYPE AS constraintType, TABLE_NAME AS tableName, TABLE_SCHEMA AS tableSchema from INFORMATION_SCHEMA.TABLE_CONSTRAINTS WHERE table_name='spends' AND constraint_name = 'spends_ibfk_1' AND TABLE_SCHEMA = 'panelfur';
2020-01-05 17:13:46,353 INFO 12328 [egg-sequelize](6ms) Executed (default): ALTER TABLE `spends`
      DROP FOREIGN KEY `spends_ibfk_1`;
2020-01-05 17:13:46,404 INFO 12328 [egg-sequelize](47ms) Executed (default): ALTER TABLE `spends` ADD FOREIGN KEY (`goods_id`) REFERENCES `goods` (`id`) ON DELETE CASCADE ON UPDATE CASCADE;
2020-01-05 17:13:46,411 INFO 12328 [egg-sequelize](5ms) Executed (default): ALTER TABLE `spends` CHANGE `spend_name` `spend_name` VARCHAR(255) NOT NULL;
2020-01-05 17:13:46,416 INFO 12328 [egg-sequelize](3ms) Executed (default): ALTER TABLE `spends` CHANGE `spend_num` `spend_num` INTEGER NOT NULL;
2020-01-05 17:13:46,419 INFO 12328 [egg-sequelize](1ms) Executed (default): SHOW INDEX FROM `spends` FROM `panelfur`
2020-01-05 17:13:46,516 INFO 12328 [egg-sequelize](1ms) Executed (default): SELECT `id`, `username`, `password`, `identity`, `e_mail`, `mobile` FROM `users` AS `users` WHERE `users`.`id` = 1 AND `users`.`username` = 'admin';
2020-01-05 17:14:40,175 INFO 12328 [egg-sequelize](1ms) Executed (default): SELECT `id`, `username`, `password`, `identity`, `e_mail`, `mobile` FROM `users` AS `users` WHERE (`users`.`username` = 'admin' OR `users`.`mobile` = 'admin' OR `users`.`e_mail` = 'admin') LIMIT 1;
2020-01-05 17:14:42,366 INFO 12328 [egg-sequelize](4ms) Executed (default): SELECT count(*) AS `count` FROM `goods` AS `goods`;
2020-01-05 17:14:42,369 INFO 12328 [egg-sequelize](1ms) Executed (default): SELECT `id`, `goods_name`, `goods_material`, `goods_info`, `goods_image`, `goods_price`, `goods_num` FROM `goods` AS `goods` LIMIT 0, 10;
2020-01-05 17:15:27,971 INFO 12328 [egg-sequelize](2ms) Executed (default): SELECT count(*) AS `count` FROM `goods` AS `goods`;
2020-01-05 17:15:27,973 INFO 12328 [egg-sequelize](0ms) Executed (default): SELECT `id`, `goods_name`, `goods_material`, `goods_info`, `goods_image`, `goods_price`, `goods_num` FROM `goods` AS `goods` LIMIT 0, 10;
2020-01-05 17:15:32,525 INFO 12328 [egg-sequelize](3ms) Executed (default): SELECT `id`, `user_id`, `friend_id`, `friend_name` FROM `friend_list` AS `friend_list` WHERE `friend_list`.`user_id` = 1;
2020-01-05 17:15:32,538 INFO 12328 [egg-sequelize](3ms) Executed (default): SELECT `id`, `user_id`, `friend_id`, `user_name`, `content`, `is_mine`, `date_time` FROM `messages` AS `messages` WHERE `messages`.`user_id` = 1 AND `messages`.`friend_id` = 2;
2020-01-05 17:15:32,544 INFO 12328 [egg-sequelize](3ms) Executed (default): SELECT `id`, `user_id`, `friend_id`, `user_name`, `content`, `is_mine`, `date_time` FROM `messages` AS `messages` WHERE `messages`.`user_id` = 2 AND `messages`.`friend_id` = 1;
2020-01-05 17:15:32,547 INFO 12328 [egg-sequelize](2ms) Executed (default): SELECT `id`, `user_id`, `friend_id`, `user_name`, `content`, `is_mine`, `date_time` FROM `messages` AS `messages` WHERE `messages`.`user_id` = 1 AND `messages`.`friend_id` = 2;
2020-01-05 17:15:32,551 INFO 12328 [egg-sequelize](1ms) Executed (default): SELECT `id`, `user_id`, `friend_id`, `user_name`, `content`, `is_mine`, `date_time` FROM `messages` AS `messages` WHERE `messages`.`user_id` = 2 AND `messages`.`friend_id` = 1;
2020-01-05 17:15:33,862 INFO 12328 [egg-sequelize](1ms) Executed (default): SELECT `id`, `user_id`, `friend_id`, `user_name`, `content`, `is_mine`, `date_time` FROM `messages` AS `messages` WHERE `messages`.`user_id` = 1 AND `messages`.`friend_id` = 3;
2020-01-05 17:15:33,864 INFO 12328 [egg-sequelize](0ms) Executed (default): SELECT `id`, `user_id`, `friend_id`, `user_name`, `content`, `is_mine`, `date_time` FROM `messages` AS `messages` WHERE `messages`.`user_id` = 3 AND `messages`.`friend_id` = 1;
2020-01-05 17:15:34,760 INFO 12328 [egg-sequelize](2ms) Executed (default): SELECT `id`, `user_id`, `friend_id`, `user_name`, `content`, `is_mine`, `date_time` FROM `messages` AS `messages` WHERE `messages`.`user_id` = 1 AND `messages`.`friend_id` = 2;
2020-01-05 17:15:34,763 INFO 12328 [egg-sequelize](1ms) Executed (default): SELECT `id`, `user_id`, `friend_id`, `user_name`, `content`, `is_mine`, `date_time` FROM `messages` AS `messages` WHERE `messages`.`user_id` = 2 AND `messages`.`friend_id` = 1;
2020-01-05 17:15:48,834 INFO 12328 [egg-sequelize](6ms) Executed (default): INSERT INTO `messages` (`id`,`user_id`,`friend_id`,`user_name`,`content`,`is_mine`,`date_time`) VALUES (DEFAULT,?,?,?,?,?,?);
2020-01-05 17:15:55,606 INFO 12328 [egg-sequelize](1ms) Executed (default): INSERT INTO `messages` (`id`,`user_id`,`friend_id`,`user_name`,`content`,`is_mine`,`date_time`) VALUES (DEFAULT,?,?,?,?,?,?);
2020-01-05 17:15:59,815 INFO 12328 [egg-sequelize](1ms) Executed (default): INSERT INTO `messages` (`id`,`user_id`,`friend_id`,`user_name`,`content`,`is_mine`,`date_time`) VALUES (DEFAULT,?,?,?,?,?,?);
2020-01-05 17:19:45,725 INFO 12328 [egg-sequelize](2ms) Executed (default): SELECT count(*) AS `count` FROM `goods` AS `goods`;
2020-01-05 17:19:45,728 INFO 12328 [egg-sequelize](1ms) Executed (default): SELECT `id`, `goods_name`, `goods_material`, `goods_info`, `goods_image`, `goods_price`, `goods_num` FROM `goods` AS `goods` LIMIT 0, 10;
2020-01-05 17:19:48,088 INFO 12328 [egg-sequelize](2ms) Executed (default): SELECT `id`, `user_id`, `friend_id`, `friend_name` FROM `friend_list` AS `friend_list` WHERE `friend_list`.`user_id` = 1;
2020-01-05 17:19:48,109 INFO 12328 [egg-sequelize](2ms) Executed (default): SELECT `id`, `user_id`, `friend_id`, `user_name`, `content`, `is_mine`, `date_time` FROM `messages` AS `messages` WHERE `messages`.`user_id` = 1 AND `messages`.`friend_id` = 2;
2020-01-05 17:19:48,115 INFO 12328 [egg-sequelize](3ms) Executed (default): SELECT `id`, `user_id`, `friend_id`, `user_name`, `content`, `is_mine`, `date_time` FROM `messages` AS `messages` WHERE `messages`.`user_id` = 2 AND `messages`.`friend_id` = 1;
2020-01-05 17:19:48,118 INFO 12328 [egg-sequelize](1ms) Executed (default): SELECT `id`, `user_id`, `friend_id`, `user_name`, `content`, `is_mine`, `date_time` FROM `messages` AS `messages` WHERE `messages`.`user_id` = 1 AND `messages`.`friend_id` = 2;
2020-01-05 17:19:48,122 INFO 12328 [egg-sequelize](0ms) Executed (default): SELECT `id`, `user_id`, `friend_id`, `user_name`, `content`, `is_mine`, `date_time` FROM `messages` AS `messages` WHERE `messages`.`user_id` = 2 AND `messages`.`friend_id` = 1;
2020-01-05 17:19:49,404 INFO 12328 [egg-sequelize](1ms) Executed (default): SELECT `id`, `user_id`, `friend_id`, `user_name`, `content`, `is_mine`, `date_time` FROM `messages` AS `messages` WHERE `messages`.`user_id` = 1 AND `messages`.`friend_id` = 3;
2020-01-05 17:19:49,407 INFO 12328 [egg-sequelize](0ms) Executed (default): SELECT `id`, `user_id`, `friend_id`, `user_name`, `content`, `is_mine`, `date_time` FROM `messages` AS `messages` WHERE `messages`.`user_id` = 3 AND `messages`.`friend_id` = 1;
2020-01-05 17:19:49,899 INFO 12328 [egg-sequelize](1ms) Executed (default): SELECT `id`, `user_id`, `friend_id`, `user_name`, `content`, `is_mine`, `date_time` FROM `messages` AS `messages` WHERE `messages`.`user_id` = 1 AND `messages`.`friend_id` = 2;
2020-01-05 17:19:49,902 INFO 12328 [egg-sequelize](1ms) Executed (default): SELECT `id`, `user_id`, `friend_id`, `user_name`, `content`, `is_mine`, `date_time` FROM `messages` AS `messages` WHERE `messages`.`user_id` = 2 AND `messages`.`friend_id` = 1;
2020-01-05 17:20:32,917 INFO 12328 [egg-sequelize](1ms) Executed (default): SELECT `id`, `user_id`, `friend_id`, `user_name`, `content`, `is_mine`, `date_time` FROM `messages` AS `messages` WHERE `messages`.`user_id` = 1 AND `messages`.`friend_id` = 3;
2020-01-05 17:20:32,920 INFO 12328 [egg-sequelize](1ms) Executed (default): SELECT `id`, `user_id`, `friend_id`, `user_name`, `content`, `is_mine`, `date_time` FROM `messages` AS `messages` WHERE `messages`.`user_id` = 3 AND `messages`.`friend_id` = 1;
2020-01-05 17:20:33,563 INFO 12328 [egg-sequelize](1ms) Executed (default): SELECT `id`, `user_id`, `friend_id`, `user_name`, `content`, `is_mine`, `date_time` FROM `messages` AS `messages` WHERE `messages`.`user_id` = 1 AND `messages`.`friend_id` = 2;
2020-01-05 17:20:33,566 INFO 12328 [egg-sequelize](0ms) Executed (default): SELECT `id`, `user_id`, `friend_id`, `user_name`, `content`, `is_mine`, `date_time` FROM `messages` AS `messages` WHERE `messages`.`user_id` = 2 AND `messages`.`friend_id` = 1;
2020-01-05 17:20:35,631 INFO 12328 [egg-sequelize](0ms) Executed (default): SELECT `id`, `user_id`, `friend_id`, `user_name`, `content`, `is_mine`, `date_time` FROM `messages` AS `messages` WHERE `messages`.`user_id` = 1 AND `messages`.`friend_id` = 3;
2020-01-05 17:20:35,633 INFO 12328 [egg-sequelize](0ms) Executed (default): SELECT `id`, `user_id`, `friend_id`, `user_name`, `content`, `is_mine`, `date_time` FROM `messages` AS `messages` WHERE `messages`.`user_id` = 3 AND `messages`.`friend_id` = 1;
2020-01-05 17:20:36,131 INFO 12328 [egg-sequelize](1ms) Executed (default): SELECT `id`, `user_id`, `friend_id`, `user_name`, `content`, `is_mine`, `date_time` FROM `messages` AS `messages` WHERE `messages`.`user_id` = 1 AND `messages`.`friend_id` = 2;
2020-01-05 17:20:36,134 INFO 12328 [egg-sequelize](0ms) Executed (default): SELECT `id`, `user_id`, `friend_id`, `user_name`, `content`, `is_mine`, `date_time` FROM `messages` AS `messages` WHERE `messages`.`user_id` = 2 AND `messages`.`friend_id` = 1;
2020-01-05 17:20:38,017 INFO 12328 [egg-sequelize](1ms) Executed (default): SELECT `id`, `user_id`, `friend_id`, `user_name`, `content`, `is_mine`, `date_time` FROM `messages` AS `messages` WHERE `messages`.`user_id` = 1 AND `messages`.`friend_id` = 3;
2020-01-05 17:20:38,021 INFO 12328 [egg-sequelize](1ms) Executed (default): SELECT `id`, `user_id`, `friend_id`, `user_name`, `content`, `is_mine`, `date_time` FROM `messages` AS `messages` WHERE `messages`.`user_id` = 3 AND `messages`.`friend_id` = 1;
2020-01-05 17:20:38,661 INFO 12328 [egg-sequelize](1ms) Executed (default): SELECT `id`, `user_id`, `friend_id`, `user_name`, `content`, `is_mine`, `date_time` FROM `messages` AS `messages` WHERE `messages`.`user_id` = 1 AND `messages`.`friend_id` = 2;
2020-01-05 17:20:38,664 INFO 12328 [egg-sequelize](0ms) Executed (default): SELECT `id`, `user_id`, `friend_id`, `user_name`, `content`, `is_mine`, `date_time` FROM `messages` AS `messages` WHERE `messages`.`user_id` = 2 AND `messages`.`friend_id` = 1;
2020-01-05 17:20:42,710 INFO 12328 [egg-sequelize](0ms) Executed (default): SELECT `id`, `user_id`, `friend_id`, `user_name`, `content`, `is_mine`, `date_time` FROM `messages` AS `messages` WHERE `messages`.`user_id` = 1 AND `messages`.`friend_id` = 3;
2020-01-05 17:20:42,713 INFO 12328 [egg-sequelize](0ms) Executed (default): SELECT `id`, `user_id`, `friend_id`, `user_name`, `content`, `is_mine`, `date_time` FROM `messages` AS `messages` WHERE `messages`.`user_id` = 3 AND `messages`.`friend_id` = 1;
2020-01-05 17:20:43,092 INFO 12328 [egg-sequelize](2ms) Executed (default): SELECT `id`, `user_id`, `friend_id`, `user_name`, `content`, `is_mine`, `date_time` FROM `messages` AS `messages` WHERE `messages`.`user_id` = 1 AND `messages`.`friend_id` = 2;
2020-01-05 17:20:43,096 INFO 12328 [egg-sequelize](1ms) Executed (default): SELECT `id`, `user_id`, `friend_id`, `user_name`, `content`, `is_mine`, `date_time` FROM `messages` AS `messages` WHERE `messages`.`user_id` = 2 AND `messages`.`friend_id` = 1;
2020-01-05 17:20:43,864 INFO 12328 [egg-sequelize](0ms) Executed (default): SELECT `id`, `user_id`, `friend_id`, `user_name`, `content`, `is_mine`, `date_time` FROM `messages` AS `messages` WHERE `messages`.`user_id` = 1 AND `messages`.`friend_id` = 3;
2020-01-05 17:20:43,867 INFO 12328 [egg-sequelize](0ms) Executed (default): SELECT `id`, `user_id`, `friend_id`, `user_name`, `content`, `is_mine`, `date_time` FROM `messages` AS `messages` WHERE `messages`.`user_id` = 3 AND `messages`.`friend_id` = 1;
2020-01-05 17:20:44,325 INFO 12328 [egg-sequelize](1ms) Executed (default): SELECT `id`, `user_id`, `friend_id`, `user_name`, `content`, `is_mine`, `date_time` FROM `messages` AS `messages` WHERE `messages`.`user_id` = 1 AND `messages`.`friend_id` = 2;
2020-01-05 17:20:44,328 INFO 12328 [egg-sequelize](1ms) Executed (default): SELECT `id`, `user_id`, `friend_id`, `user_name`, `content`, `is_mine`, `date_time` FROM `messages` AS `messages` WHERE `messages`.`user_id` = 2 AND `messages`.`friend_id` = 1;
2020-01-05 17:20:53,719 INFO 12328 [egg-sequelize](0ms) Executed (default): SELECT `id`, `user_id`, `friend_id`, `user_name`, `content`, `is_mine`, `date_time` FROM `messages` AS `messages` WHERE `messages`.`user_id` = 1 AND `messages`.`friend_id` = 3;
2020-01-05 17:20:53,724 INFO 12328 [egg-sequelize](0ms) Executed (default): SELECT `id`, `user_id`, `friend_id`, `user_name`, `content`, `is_mine`, `date_time` FROM `messages` AS `messages` WHERE `messages`.`user_id` = 3 AND `messages`.`friend_id` = 1;
2020-01-05 17:20:54,816 INFO 12328 [egg-sequelize](1ms) Executed (default): SELECT `id`, `user_id`, `friend_id`, `user_name`, `content`, `is_mine`, `date_time` FROM `messages` AS `messages` WHERE `messages`.`user_id` = 1 AND `messages`.`friend_id` = 2;
2020-01-05 17:20:54,819 INFO 12328 [egg-sequelize](0ms) Executed (default): SELECT `id`, `user_id`, `friend_id`, `user_name`, `content`, `is_mine`, `date_time` FROM `messages` AS `messages` WHERE `messages`.`user_id` = 2 AND `messages`.`friend_id` = 1;
2020-01-05 17:20:57,993 INFO 12328 [egg-sequelize](0ms) Executed (default): SELECT `id`, `user_id`, `friend_id`, `user_name`, `content`, `is_mine`, `date_time` FROM `messages` AS `messages` WHERE `messages`.`user_id` = 1 AND `messages`.`friend_id` = 3;
2020-01-05 17:20:57,997 INFO 12328 [egg-sequelize](0ms) Executed (default): SELECT `id`, `user_id`, `friend_id`, `user_name`, `content`, `is_mine`, `date_time` FROM `messages` AS `messages` WHERE `messages`.`user_id` = 3 AND `messages`.`friend_id` = 1;
2020-01-05 17:20:59,626 INFO 12328 [egg-sequelize](1ms) Executed (default): SELECT `id`, `user_id`, `friend_id`, `user_name`, `content`, `is_mine`, `date_time` FROM `messages` AS `messages` WHERE `messages`.`user_id` = 1 AND `messages`.`friend_id` = 2;
2020-01-05 17:20:59,630 INFO 12328 [egg-sequelize](1ms) Executed (default): SELECT `id`, `user_id`, `friend_id`, `user_name`, `content`, `is_mine`, `date_time` FROM `messages` AS `messages` WHERE `messages`.`user_id` = 2 AND `messages`.`friend_id` = 1;
2020-01-05 17:21:25,613 INFO 12328 [egg-sequelize](1ms) Executed (default): SELECT `id`, `user_id`, `friend_id`, `user_name`, `content`, `is_mine`, `date_time` FROM `messages` AS `messages` WHERE `messages`.`user_id` = 1 AND `messages`.`friend_id` = 3;
2020-01-05 17:21:25,616 INFO 12328 [egg-sequelize](0ms) Executed (default): SELECT `id`, `user_id`, `friend_id`, `user_name`, `content`, `is_mine`, `date_time` FROM `messages` AS `messages` WHERE `messages`.`user_id` = 3 AND `messages`.`friend_id` = 1;
2020-01-05 17:21:26,016 INFO 12328 [egg-sequelize](1ms) Executed (default): SELECT `id`, `user_id`, `friend_id`, `user_name`, `content`, `is_mine`, `date_time` FROM `messages` AS `messages` WHERE `messages`.`user_id` = 1 AND `messages`.`friend_id` = 2;
2020-01-05 17:21:26,020 INFO 12328 [egg-sequelize](1ms) Executed (default): SELECT `id`, `user_id`, `friend_id`, `user_name`, `content`, `is_mine`, `date_time` FROM `messages` AS `messages` WHERE `messages`.`user_id` = 2 AND `messages`.`friend_id` = 1;
2020-01-05 17:24:01,506 INFO 12328 [egg-sequelize](1ms) Executed (default): SELECT count(*) AS `count` FROM `goods` AS `goods`;
2020-01-05 17:24:01,509 INFO 12328 [egg-sequelize](1ms) Executed (default): SELECT `id`, `goods_name`, `goods_material`, `goods_info`, `goods_image`, `goods_price`, `goods_num` FROM `goods` AS `goods` LIMIT 0, 10;
2020-01-05 17:24:03,641 INFO 12328 [egg-sequelize](2ms) Executed (default): SELECT `id`, `user_id`, `friend_id`, `friend_name` FROM `friend_list` AS `friend_list` WHERE `friend_list`.`user_id` = 1;
2020-01-05 17:24:03,654 INFO 12328 [egg-sequelize](2ms) Executed (default): SELECT `id`, `user_id`, `friend_id`, `user_name`, `content`, `is_mine`, `date_time` FROM `messages` AS `messages` WHERE `messages`.`user_id` = 1 AND `messages`.`friend_id` = 2;
2020-01-05 17:24:03,660 INFO 12328 [egg-sequelize](3ms) Executed (default): SELECT `id`, `user_id`, `friend_id`, `user_name`, `content`, `is_mine`, `date_time` FROM `messages` AS `messages` WHERE `messages`.`user_id` = 2 AND `messages`.`friend_id` = 1;
2020-01-05 17:24:03,663 INFO 12328 [egg-sequelize](1ms) Executed (default): SELECT `id`, `user_id`, `friend_id`, `user_name`, `content`, `is_mine`, `date_time` FROM `messages` AS `messages` WHERE `messages`.`user_id` = 1 AND `messages`.`friend_id` = 2;
2020-01-05 17:24:03,667 INFO 12328 [egg-sequelize](0ms) Executed (default): SELECT `id`, `user_id`, `friend_id`, `user_name`, `content`, `is_mine`, `date_time` FROM `messages` AS `messages` WHERE `messages`.`user_id` = 2 AND `messages`.`friend_id` = 1;
2020-01-05 17:25:40,486 INFO 12328 [egg-sequelize](2ms) Executed (default): SELECT count(*) AS `count` FROM `goods` AS `goods`;
2020-01-05 17:25:40,491 INFO 12328 [egg-sequelize](1ms) Executed (default): SELECT `id`, `goods_name`, `goods_material`, `goods_info`, `goods_image`, `goods_price`, `goods_num` FROM `goods` AS `goods` LIMIT 0, 10;
2020-01-05 17:25:45,482 INFO 12328 [egg-sequelize](1ms) Executed (default): SELECT `id`, `user_id`, `friend_id`, `friend_name` FROM `friend_list` AS `friend_list` WHERE `friend_list`.`user_id` = 1;
2020-01-05 17:25:45,503 INFO 12328 [egg-sequelize](2ms) Executed (default): SELECT `id`, `user_id`, `friend_id`, `user_name`, `content`, `is_mine`, `date_time` FROM `messages` AS `messages` WHERE `messages`.`user_id` = 1 AND `messages`.`friend_id` = 2;
2020-01-05 17:25:45,508 INFO 12328 [egg-sequelize](1ms) Executed (default): SELECT `id`, `user_id`, `friend_id`, `user_name`, `content`, `is_mine`, `date_time` FROM `messages` AS `messages` WHERE `messages`.`user_id` = 2 AND `messages`.`friend_id` = 1;
2020-01-05 17:25:45,517 INFO 12328 [egg-sequelize](1ms) Executed (default): SELECT `id`, `user_id`, `friend_id`, `user_name`, `content`, `is_mine`, `date_time` FROM `messages` AS `messages` WHERE `messages`.`user_id` = 1 AND `messages`.`friend_id` = 2;
2020-01-05 17:25:45,522 INFO 12328 [egg-sequelize](0ms) Executed (default): SELECT `id`, `user_id`, `friend_id`, `user_name`, `content`, `is_mine`, `date_time` FROM `messages` AS `messages` WHERE `messages`.`user_id` = 2 AND `messages`.`friend_id` = 1;
2020-01-05 17:32:13,305 INFO 12328 [egg-sequelize](3ms) Executed (default): SELECT count(*) AS `count` FROM `goods` AS `goods`;
2020-01-05 17:32:13,309 INFO 12328 [egg-sequelize](1ms) Executed (default): SELECT `id`, `goods_name`, `goods_material`, `goods_info`, `goods_image`, `goods_price`, `goods_num` FROM `goods` AS `goods` LIMIT 0, 10;
2020-01-05 17:32:15,660 INFO 12328 [egg-sequelize](2ms) Executed (default): SELECT count(*) AS `count` FROM `category` AS `category`;
2020-01-05 17:32:15,663 INFO 12328 [egg-sequelize](1ms) Executed (default): SELECT `id`, `category_name`, `category_info`, `category_num` FROM `category` AS `category` LIMIT 0, 10;
2020-01-05 17:32:16,543 INFO 12328 [egg-sequelize](0ms) Executed (default): SELECT count(*) AS `count` FROM `goods` AS `goods`;
2020-01-05 17:32:16,547 INFO 12328 [egg-sequelize](1ms) Executed (default): SELECT `id`, `goods_name`, `goods_material`, `goods_info`, `goods_image`, `goods_price`, `goods_num` FROM `goods` AS `goods` LIMIT 0, 10;
2020-01-05 17:32:22,440 INFO 12328 [egg-sequelize](2ms) Executed (default): SELECT `id`, `user_id`, `friend_id`, `friend_name` FROM `friend_list` AS `friend_list` WHERE `friend_list`.`user_id` = 1;
2020-01-05 17:32:22,495 INFO 12328 [egg-sequelize](2ms) Executed (default): SELECT `id`, `user_id`, `friend_id`, `user_name`, `content`, `is_mine`, `date_time` FROM `messages` AS `messages` WHERE `messages`.`user_id` = 1 AND `messages`.`friend_id` = 2;
2020-01-05 17:32:22,498 INFO 12328 [egg-sequelize](0ms) Executed (default): SELECT `id`, `user_id`, `friend_id`, `user_name`, `content`, `is_mine`, `date_time` FROM `messages` AS `messages` WHERE `messages`.`user_id` = 2 AND `messages`.`friend_id` = 1;
2020-01-05 17:32:22,503 INFO 12328 [egg-sequelize](1ms) Executed (default): SELECT `id`, `user_id`, `friend_id`, `user_name`, `content`, `is_mine`, `date_time` FROM `messages` AS `messages` WHERE `messages`.`user_id` = 1 AND `messages`.`friend_id` = 2;
2020-01-05 17:32:22,506 INFO 12328 [egg-sequelize](1ms) Executed (default): SELECT `id`, `user_id`, `friend_id`, `user_name`, `content`, `is_mine`, `date_time` FROM `messages` AS `messages` WHERE `messages`.`user_id` = 2 AND `messages`.`friend_id` = 1;
2020-01-05 17:33:06,646 INFO 12328 [egg-sequelize](2ms) Executed (default): SELECT count(*) AS `count` FROM `goods` AS `goods`;
2020-01-05 17:33:06,657 INFO 12328 [egg-sequelize](1ms) Executed (default): SELECT `id`, `goods_name`, `goods_material`, `goods_info`, `goods_image`, `goods_price`, `goods_num` FROM `goods` AS `goods` LIMIT 0, 10;
2020-01-05 17:33:08,414 INFO 12328 [egg-sequelize](2ms) Executed (default): SELECT `id`, `user_id`, `friend_id`, `friend_name` FROM `friend_list` AS `friend_list` WHERE `friend_list`.`user_id` = 1;
2020-01-05 17:33:08,440 INFO 12328 [egg-sequelize](2ms) Executed (default): SELECT `id`, `user_id`, `friend_id`, `user_name`, `content`, `is_mine`, `date_time` FROM `messages` AS `messages` WHERE `messages`.`user_id` = 1 AND `messages`.`friend_id` = 2;
2020-01-05 17:33:08,447 INFO 12328 [egg-sequelize](1ms) Executed (default): SELECT `id`, `user_id`, `friend_id`, `user_name`, `content`, `is_mine`, `date_time` FROM `messages` AS `messages` WHERE `messages`.`user_id` = 2 AND `messages`.`friend_id` = 1;
2020-01-05 17:33:08,452 INFO 12328 [egg-sequelize](1ms) Executed (default): SELECT `id`, `user_id`, `friend_id`, `user_name`, `content`, `is_mine`, `date_time` FROM `messages` AS `messages` WHERE `messages`.`user_id` = 1 AND `messages`.`friend_id` = 2;
2020-01-05 17:33:08,456 INFO 12328 [egg-sequelize](0ms) Executed (default): SELECT `id`, `user_id`, `friend_id`, `user_name`, `content`, `is_mine`, `date_time` FROM `messages` AS `messages` WHERE `messages`.`user_id` = 2 AND `messages`.`friend_id` = 1;
2020-01-05 17:42:49,035 INFO 12328 [egg-sequelize](2ms) Executed (default): SELECT `id`, `user_id`, `friend_id`, `friend_name` FROM `friend_list` AS `friend_list` WHERE `friend_list`.`user_id` = 1;
2020-01-05 17:42:49,070 INFO 12328 [egg-sequelize](2ms) Executed (default): SELECT `id`, `user_id`, `friend_id`, `user_name`, `content`, `is_mine`, `date_time` FROM `messages` AS `messages` WHERE `messages`.`user_id` = 1 AND `messages`.`friend_id` = 2;
2020-01-05 17:42:49,076 INFO 12328 [egg-sequelize](1ms) Executed (default): SELECT `id`, `user_id`, `friend_id`, `user_name`, `content`, `is_mine`, `date_time` FROM `messages` AS `messages` WHERE `messages`.`user_id` = 2 AND `messages`.`friend_id` = 1;
2020-01-05 17:42:49,080 INFO 12328 [egg-sequelize](1ms) Executed (default): SELECT `id`, `user_id`, `friend_id`, `user_name`, `content`, `is_mine`, `date_time` FROM `messages` AS `messages` WHERE `messages`.`user_id` = 1 AND `messages`.`friend_id` = 2;
2020-01-05 17:42:49,083 INFO 12328 [egg-sequelize](1ms) Executed (default): SELECT `id`, `user_id`, `friend_id`, `user_name`, `content`, `is_mine`, `date_time` FROM `messages` AS `messages` WHERE `messages`.`user_id` = 2 AND `messages`.`friend_id` = 1;
2020-01-05 17:42:51,106 INFO 12328 [egg-sequelize](2ms) Executed (default): SELECT count(*) AS `count` FROM `goods` AS `goods`;
2020-01-05 17:42:51,109 INFO 12328 [egg-sequelize](0ms) Executed (default): SELECT `id`, `goods_name`, `goods_material`, `goods_info`, `goods_image`, `goods_price`, `goods_num` FROM `goods` AS `goods` LIMIT 0, 10;
2020-01-05 17:42:52,405 INFO 12328 [egg-sequelize](0ms) Executed (default): SELECT `id`, `user_id`, `friend_id`, `friend_name` FROM `friend_list` AS `friend_list` WHERE `friend_list`.`user_id` = 1;
2020-01-05 17:42:52,419 INFO 12328 [egg-sequelize](1ms) Executed (default): SELECT `id`, `user_id`, `friend_id`, `user_name`, `content`, `is_mine`, `date_time` FROM `messages` AS `messages` WHERE `messages`.`user_id` = 1 AND `messages`.`friend_id` = 2;
2020-01-05 17:42:52,422 INFO 12328 [egg-sequelize](1ms) Executed (default): SELECT `id`, `user_id`, `friend_id`, `user_name`, `content`, `is_mine`, `date_time` FROM `messages` AS `messages` WHERE `messages`.`user_id` = 2 AND `messages`.`friend_id` = 1;
2020-01-05 17:42:52,427 INFO 12328 [egg-sequelize](0ms) Executed (default): SELECT `id`, `user_id`, `friend_id`, `user_name`, `content`, `is_mine`, `date_time` FROM `messages` AS `messages` WHERE `messages`.`user_id` = 1 AND `messages`.`friend_id` = 2;
2020-01-05 17:42:52,430 INFO 12328 [egg-sequelize](1ms) Executed (default): SELECT `id`, `user_id`, `friend_id`, `user_name`, `content`, `is_mine`, `date_time` FROM `messages` AS `messages` WHERE `messages`.`user_id` = 2 AND `messages`.`friend_id` = 1;
2020-01-05 17:43:44,207 INFO 12328 [egg-sequelize](1ms) Executed (default): SELECT count(*) AS `count` FROM `goods` AS `goods`;
2020-01-05 17:43:44,212 INFO 12328 [egg-sequelize](2ms) Executed (default): SELECT `id`, `goods_name`, `goods_material`, `goods_info`, `goods_image`, `goods_price`, `goods_num` FROM `goods` AS `goods` LIMIT 0, 10;
2020-01-05 17:43:46,983 INFO 12328 [egg-sequelize](2ms) Executed (default): SELECT `id`, `user_id`, `friend_id`, `friend_name` FROM `friend_list` AS `friend_list` WHERE `friend_list`.`user_id` = 1;
2020-01-05 17:43:46,996 INFO 12328 [egg-sequelize](0ms) Executed (default): SELECT `id`, `user_id`, `friend_id`, `user_name`, `content`, `is_mine`, `date_time` FROM `messages` AS `messages` WHERE `messages`.`user_id` = 1 AND `messages`.`friend_id` = 2;
2020-01-05 17:43:47,000 INFO 12328 [egg-sequelize](0ms) Executed (default): SELECT `id`, `user_id`, `friend_id`, `user_name`, `content`, `is_mine`, `date_time` FROM `messages` AS `messages` WHERE `messages`.`user_id` = 2 AND `messages`.`friend_id` = 1;
2020-01-05 17:43:47,007 INFO 12328 [egg-sequelize](1ms) Executed (default): SELECT `id`, `user_id`, `friend_id`, `user_name`, `content`, `is_mine`, `date_time` FROM `messages` AS `messages` WHERE `messages`.`user_id` = 1 AND `messages`.`friend_id` = 2;
2020-01-05 17:43:47,011 INFO 12328 [egg-sequelize](1ms) Executed (default): SELECT `id`, `user_id`, `friend_id`, `user_name`, `content`, `is_mine`, `date_time` FROM `messages` AS `messages` WHERE `messages`.`user_id` = 2 AND `messages`.`friend_id` = 1;
2020-01-05 17:47:52,181 INFO 12328 [egg-sequelize](0ms) Executed (default): SELECT `id`, `username`, `password`, `identity`, `e_mail`, `mobile` FROM `users` AS `users` WHERE (`users`.`username` = 'admin' OR `users`.`mobile` = 'admin' OR `users`.`e_mail` = 'admin') LIMIT 1;
2020-01-05 17:47:58,818 INFO 12328 [egg-sequelize](1ms) Executed (default): SELECT `id`, `user_id`, `friend_id`, `friend_name` FROM `friend_list` AS `friend_list` WHERE `friend_list`.`user_id` = 1;
2020-01-05 17:47:58,832 INFO 12328 [egg-sequelize](2ms) Executed (default): SELECT `id`, `user_id`, `friend_id`, `user_name`, `content`, `is_mine`, `date_time` FROM `messages` AS `messages` WHERE `messages`.`user_id` = 1 AND `messages`.`friend_id` = 2;
2020-01-05 17:47:58,836 INFO 12328 [egg-sequelize](1ms) Executed (default): SELECT `id`, `user_id`, `friend_id`, `user_name`, `content`, `is_mine`, `date_time` FROM `messages` AS `messages` WHERE `messages`.`user_id` = 2 AND `messages`.`friend_id` = 1;
2020-01-05 17:47:58,840 INFO 12328 [egg-sequelize](1ms) Executed (default): SELECT `id`, `user_id`, `friend_id`, `user_name`, `content`, `is_mine`, `date_time` FROM `messages` AS `messages` WHERE `messages`.`user_id` = 1 AND `messages`.`friend_id` = 2;
2020-01-05 17:47:58,844 INFO 12328 [egg-sequelize](1ms) Executed (default): SELECT `id`, `user_id`, `friend_id`, `user_name`, `content`, `is_mine`, `date_time` FROM `messages` AS `messages` WHERE `messages`.`user_id` = 2 AND `messages`.`friend_id` = 1;
2020-01-05 18:01:03,121 INFO 12328 [egg-sequelize](2ms) Executed (default): SELECT `id`, `user_id`, `friend_id`, `friend_name` FROM `friend_list` AS `friend_list` WHERE `friend_list`.`user_id` = 1;
2020-01-05 18:01:03,130 INFO 12328 [egg-sequelize](1ms) Executed (default): SELECT `id`, `user_id`, `friend_id`, `user_name`, `content`, `is_mine`, `date_time` FROM `messages` AS `messages` WHERE `messages`.`user_id` = 1 AND `messages`.`friend_id` = 2;
2020-01-05 18:01:03,134 INFO 12328 [egg-sequelize](0ms) Executed (default): SELECT `id`, `user_id`, `friend_id`, `user_name`, `content`, `is_mine`, `date_time` FROM `messages` AS `messages` WHERE `messages`.`user_id` = 2 AND `messages`.`friend_id` = 1;
2020-01-05 18:01:03,138 INFO 12328 [egg-sequelize](1ms) Executed (default): SELECT `id`, `user_id`, `friend_id`, `user_name`, `content`, `is_mine`, `date_time` FROM `messages` AS `messages` WHERE `messages`.`user_id` = 1 AND `messages`.`friend_id` = 2;
2020-01-05 18:01:03,142 INFO 12328 [egg-sequelize](1ms) Executed (default): SELECT `id`, `user_id`, `friend_id`, `user_name`, `content`, `is_mine`, `date_time` FROM `messages` AS `messages` WHERE `messages`.`user_id` = 2 AND `messages`.`friend_id` = 1;
2020-01-05 18:01:13,644 INFO 12328 [egg-sequelize](1ms) Executed (default): SELECT `id`, `user_id`, `friend_id`, `friend_name` FROM `friend_list` AS `friend_list` WHERE `friend_list`.`user_id` = 1;
2020-01-05 18:01:13,668 INFO 12328 [egg-sequelize](1ms) Executed (default): SELECT `id`, `user_id`, `friend_id`, `user_name`, `content`, `is_mine`, `date_time` FROM `messages` AS `messages` WHERE `messages`.`user_id` = 1 AND `messages`.`friend_id` = 2;
2020-01-05 18:01:13,674 INFO 12328 [egg-sequelize](1ms) Executed (default): SELECT `id`, `user_id`, `friend_id`, `user_name`, `content`, `is_mine`, `date_time` FROM `messages` AS `messages` WHERE `messages`.`user_id` = 2 AND `messages`.`friend_id` = 1;
2020-01-05 18:01:13,694 INFO 12328 [egg-sequelize](1ms) Executed (default): SELECT `id`, `user_id`, `friend_id`, `user_name`, `content`, `is_mine`, `date_time` FROM `messages` AS `messages` WHERE `messages`.`user_id` = 1 AND `messages`.`friend_id` = 2;
2020-01-05 18:01:13,699 INFO 12328 [egg-sequelize](2ms) Executed (default): SELECT `id`, `user_id`, `friend_id`, `user_name`, `content`, `is_mine`, `date_time` FROM `messages` AS `messages` WHERE `messages`.`user_id` = 2 AND `messages`.`friend_id` = 1;
2020-01-05 18:09:00,629 INFO 12328 [egg-sequelize](0ms) Executed (default): SELECT `id`, `user_id`, `friend_id`, `friend_name` FROM `friend_list` AS `friend_list` WHERE `friend_list`.`user_id` = 1;
2020-01-05 18:09:00,638 INFO 12328 [egg-sequelize](0ms) Executed (default): SELECT `id`, `user_id`, `friend_id`, `user_name`, `content`, `is_mine`, `date_time` FROM `messages` AS `messages` WHERE `messages`.`user_id` = 1 AND `messages`.`friend_id` = 2;
2020-01-05 18:09:00,642 INFO 12328 [egg-sequelize](0ms) Executed (default): SELECT `id`, `user_id`, `friend_id`, `user_name`, `content`, `is_mine`, `date_time` FROM `messages` AS `messages` WHERE `messages`.`user_id` = 2 AND `messages`.`friend_id` = 1;
2020-01-05 18:09:00,646 INFO 12328 [egg-sequelize](1ms) Executed (default): SELECT `id`, `user_id`, `friend_id`, `user_name`, `content`, `is_mine`, `date_time` FROM `messages` AS `messages` WHERE `messages`.`user_id` = 1 AND `messages`.`friend_id` = 2;
2020-01-05 18:09:00,650 INFO 12328 [egg-sequelize](1ms) Executed (default): SELECT `id`, `user_id`, `friend_id`, `user_name`, `content`, `is_mine`, `date_time` FROM `messages` AS `messages` WHERE `messages`.`user_id` = 2 AND `messages`.`friend_id` = 1;
2020-01-05 18:09:55,700 INFO 12328 [egg-sequelize](2ms) Executed (default): SELECT `id`, `user_id`, `friend_id`, `friend_name` FROM `friend_list` AS `friend_list` WHERE `friend_list`.`user_id` = 1;
2020-01-05 18:09:55,710 INFO 12328 [egg-sequelize](2ms) Executed (default): SELECT `id`, `user_id`, `friend_id`, `user_name`, `content`, `is_mine`, `date_time` FROM `messages` AS `messages` WHERE `messages`.`user_id` = 1 AND `messages`.`friend_id` = 2;
2020-01-05 18:09:55,716 INFO 12328 [egg-sequelize](3ms) Executed (default): SELECT `id`, `user_id`, `friend_id`, `user_name`, `content`, `is_mine`, `date_time` FROM `messages` AS `messages` WHERE `messages`.`user_id` = 2 AND `messages`.`friend_id` = 1;
2020-01-05 18:09:55,719 INFO 12328 [egg-sequelize](1ms) Executed (default): SELECT `id`, `user_id`, `friend_id`, `user_name`, `content`, `is_mine`, `date_time` FROM `messages` AS `messages` WHERE `messages`.`user_id` = 1 AND `messages`.`friend_id` = 2;
2020-01-05 18:09:55,722 INFO 12328 [egg-sequelize](0ms) Executed (default): SELECT `id`, `user_id`, `friend_id`, `user_name`, `content`, `is_mine`, `date_time` FROM `messages` AS `messages` WHERE `messages`.`user_id` = 2 AND `messages`.`friend_id` = 1;
2020-01-05 18:11:03,156 INFO 12328 [egg-sequelize](1ms) Executed (default): SELECT `id`, `user_id`, `friend_id`, `friend_name` FROM `friend_list` AS `friend_list` WHERE `friend_list`.`user_id` = 1;
2020-01-05 18:11:03,167 INFO 12328 [egg-sequelize](1ms) Executed (default): SELECT `id`, `user_id`, `friend_id`, `user_name`, `content`, `is_mine`, `date_time` FROM `messages` AS `messages` WHERE `messages`.`user_id` = 1 AND `messages`.`friend_id` = 2;
2020-01-05 18:11:03,170 INFO 12328 [egg-sequelize](0ms) Executed (default): SELECT `id`, `user_id`, `friend_id`, `user_name`, `content`, `is_mine`, `date_time` FROM `messages` AS `messages` WHERE `messages`.`user_id` = 2 AND `messages`.`friend_id` = 1;
2020-01-05 18:11:03,176 INFO 12328 [egg-sequelize](1ms) Executed (default): SELECT `id`, `user_id`, `friend_id`, `user_name`, `content`, `is_mine`, `date_time` FROM `messages` AS `messages` WHERE `messages`.`user_id` = 1 AND `messages`.`friend_id` = 2;
2020-01-05 18:11:03,179 INFO 12328 [egg-sequelize](1ms) Executed (default): SELECT `id`, `user_id`, `friend_id`, `user_name`, `content`, `is_mine`, `date_time` FROM `messages` AS `messages` WHERE `messages`.`user_id` = 2 AND `messages`.`friend_id` = 1;
2020-01-05 18:12:33,730 INFO 12328 [egg-sequelize](2ms) Executed (default): SELECT `id`, `user_id`, `friend_id`, `friend_name` FROM `friend_list` AS `friend_list` WHERE `friend_list`.`user_id` = 1;
2020-01-05 18:12:33,741 INFO 12328 [egg-sequelize](2ms) Executed (default): SELECT `id`, `user_id`, `friend_id`, `user_name`, `content`, `is_mine`, `date_time` FROM `messages` AS `messages` WHERE `messages`.`user_id` = 1 AND `messages`.`friend_id` = 2;
2020-01-05 18:12:33,747 INFO 12328 [egg-sequelize](3ms) Executed (default): SELECT `id`, `user_id`, `friend_id`, `user_name`, `content`, `is_mine`, `date_time` FROM `messages` AS `messages` WHERE `messages`.`user_id` = 2 AND `messages`.`friend_id` = 1;
2020-01-05 18:12:33,749 INFO 12328 [egg-sequelize](0ms) Executed (default): SELECT `id`, `user_id`, `friend_id`, `user_name`, `content`, `is_mine`, `date_time` FROM `messages` AS `messages` WHERE `messages`.`user_id` = 1 AND `messages`.`friend_id` = 2;
2020-01-05 18:12:33,753 INFO 12328 [egg-sequelize](0ms) Executed (default): SELECT `id`, `user_id`, `friend_id`, `user_name`, `content`, `is_mine`, `date_time` FROM `messages` AS `messages` WHERE `messages`.`user_id` = 2 AND `messages`.`friend_id` = 1;
2020-01-05 18:13:54,838 INFO 12328 [egg-sequelize](2ms) Executed (default): SELECT `id`, `user_id`, `friend_id`, `friend_name` FROM `friend_list` AS `friend_list` WHERE `friend_list`.`user_id` = 1;
2020-01-05 18:13:54,848 INFO 12328 [egg-sequelize](1ms) Executed (default): SELECT `id`, `user_id`, `friend_id`, `user_name`, `content`, `is_mine`, `date_time` FROM `messages` AS `messages` WHERE `messages`.`user_id` = 1 AND `messages`.`friend_id` = 2;
2020-01-05 18:13:54,851 INFO 12328 [egg-sequelize](0ms) Executed (default): SELECT `id`, `user_id`, `friend_id`, `user_name`, `content`, `is_mine`, `date_time` FROM `messages` AS `messages` WHERE `messages`.`user_id` = 2 AND `messages`.`friend_id` = 1;
2020-01-05 18:13:54,855 INFO 12328 [egg-sequelize](1ms) Executed (default): SELECT `id`, `user_id`, `friend_id`, `user_name`, `content`, `is_mine`, `date_time` FROM `messages` AS `messages` WHERE `messages`.`user_id` = 1 AND `messages`.`friend_id` = 2;
2020-01-05 18:13:54,859 INFO 12328 [egg-sequelize](0ms) Executed (default): SELECT `id`, `user_id`, `friend_id`, `user_name`, `content`, `is_mine`, `date_time` FROM `messages` AS `messages` WHERE `messages`.`user_id` = 2 AND `messages`.`friend_id` = 1;
